#
# A fatal error has been detected by the Java Runtime Environment:
#
#  EXCEPTION_ACCESS_VIOLATION (0xc0000005) at pc=0x0000000077078e9f, pid=1008, tid=8812
#
# JRE version: Java(TM) SE Runtime Environment (8.0_11-b12) (build 1.8.0_11-b12)
# Java VM: Java HotSpot(TM) 64-Bit Server VM (25.11-b03 mixed mode windows-amd64 compressed oops)
# Problematic frame:
# C  [ntdll.dll+0x48e9f]
#
# Failed to write core dump. Minidumps are not enabled by default on client versions of Windows
#
# If you would like to submit a bug report, please visit:
#   http://bugreport.sun.com/bugreport/crash.jsp
# The crash happened outside the Java Virtual Machine in native code.
# See problematic frame for where to report the bug.
#

---------------  T H R E A D  ---------------

Current thread (0x000000005a974000):  JavaThread "Daemon worker Thread 13" [_thread_in_native, id=8812, stack(0x000000005f380000,0x000000005f480000)]

siginfo: ExceptionCode=0xc0000005, writing address 0x000000000000005c

Registers:
RAX=0x000000000000005c, RBX=0x0000000057d17530, RCX=0x0000000057d17624, RDX=0x0000000000000134
RSP=0x000000005f47d390, RBP=0x000000000000fffe, RSI=0x0000000000000000, RDI=0x0000000057d17530
R8 =0x000000000000009a, R9 =0x0000000000000134, R10=0x0000000000000000, R11=0x000000000000ffff
R12=0x0000000000000134, R13=0x0000000000000012, R14=0x000000005f47d590, R15=0x000000000000009a
RIP=0x0000000077078e9f, EFLAGS=0x0000000000010246

Top of Stack: (sp=0x000000005f47d390)
0x000000005f47d390:   00000000771403c8 0000000000000000
0x000000005f47d3a0:   0000000000000140 00000000024f0000
0x000000005f47d3b0:   0000000001360134 0000000057d17530
0x000000005f47d3c0:   000000005f47d550 000000007707ffd8
0x000000005f47d3d0:   0000000000000000 000000005f47d6a0
0x000000005f47d3e0:   0000000057d17530 0000000002320470
0x000000005f47d3f0:   000000005d380690 0000000000000001
0x000000005f47d400:   0000000000000000 0000000002320080
0x000000005f47d410:   0000000000000040 0000000000000134
0x000000005f47d420:   00000000023213a0 0000000000000000
0x000000005f47d430:   0000000000000000 0000000000000000
0x000000005f47d440:   0000000000000000 0000000058f48d94
0x000000005f47d450:   000000005f47d5d8 0000000057d17530
0x000000005f47d460:   0000000000000150 00000000024f0000
0x000000005f47d470:   0000000000000140 0000000000000140
0x000000005f47d480:   0000000000000000 0000000001360134 

Instructions: (pc=0x0000000077078e9f)
0x0000000077078e7f:   e2 fc 8b c2 48 01 41 18 8b 41 10 4c 89 44 c1 20
0x0000000077078e8f:   ff 41 10 8b c2 c3 44 8a 74 24 40 e9 c0 55 00 00
0x0000000077078e9f:   41 0f b7 c1 48 83 c1 02 48 d1 e8 48 8d 04 43 48
0x0000000077078eaf:   3b c8 73 39 0f b7 01 66 83 c8 20 66 83 f8 70 0f 


Register to memory mapping:

RAX=0x000000000000005c is an unknown value
RBX=0x0000000057d17530 is an unknown value
RCX=0x0000000057d17624 is an unknown value
RDX=0x0000000000000134 is an unknown value
RSP=0x000000005f47d390 is pointing into the stack for thread: 0x000000005a974000
RBP=0x000000000000fffe is an unknown value
RSI=0x0000000000000000 is an unknown value
RDI=0x0000000057d17530 is an unknown value
R8 =0x000000000000009a is an unknown value
R9 =0x0000000000000134 is an unknown value
R10=0x0000000000000000 is an unknown value
R11=0x000000000000ffff is an unknown value
R12=0x0000000000000134 is an unknown value
R13=0x0000000000000012 is an unknown value
R14=0x000000005f47d590 is pointing into the stack for thread: 0x000000005a974000
R15=0x000000000000009a is an unknown value


Stack: [0x000000005f380000,0x000000005f480000],  sp=0x000000005f47d390,  free space=1012k
Native frames: (J=compiled Java code, j=interpreted, Vv=VM code, C=native code)
C  [ntdll.dll+0x48e9f]
C  [ntdll.dll+0x4ffd8]
C  [ntdll.dll+0x50b4a]
C  [KERNELBASE.dll+0x7056]
C  [java.dll+0x9a74]
C  [java.dll+0x9b9f]
C  0x00000000029b6049

Java frames: (J=compiled Java code, j=interpreted, Vv=VM code)
J 497  java.io.WinNTFileSystem.getBooleanAttributes(Ljava/io/File;)I (0 bytes) @ 0x00000000029b5fcf [0x00000000029b5f80+0x4f]
J 28129 C2 org.gradle.api.internal.changedetection.state.DefaultFileCollectionSnapshotter$1.run()V (134 bytes) @ 0x000000000641d950 [0x000000000641d160+0x7f0]
J 32419 C2 org.gradle.cache.internal.DefaultCacheAccess.useCache(Ljava/lang/String;Lorg/gradle/internal/Factory;)Ljava/lang/Object; (180 bytes) @ 0x0000000006c00aa0 [0x0000000006c00680+0x420]
J 33203 C2 org.gradle.cache.internal.DefaultCacheFactory$ReferenceTrackingCache.useCache(Ljava/lang/String;Ljava/lang/Runnable;)V (15 bytes) @ 0x0000000006e52dbc [0x0000000006e52ca0+0x11c]
J 33555 C1 org.gradle.api.internal.changedetection.state.DefaultTaskArtifactStateCacheAccess.useCache(Ljava/lang/String;Ljava/lang/Runnable;)V (12 bytes) @ 0x0000000006f751bc [0x0000000006f750c0+0xfc]
J 39562 C1 org.gradle.api.internal.changedetection.state.DefaultFileCollectionSnapshotter.snapshot(Lorg/gradle/api/file/FileCollection;)Lorg/gradle/api/internal/changedetection/state/FileCollectionSnapshot; (70 bytes) @ 0x00000000050226d4 [0x0000000005022020+0x6b4]
J 15575 C1 org.gradle.api.internal.changedetection.state.OutputFilesCollectionSnapshotter.snapshot(Lorg/gradle/api/file/FileCollection;)Lorg/gradle/api/internal/changedetection/state/OutputFilesCollectionSnapshotter$OutputFilesSnapshot; (55 bytes) @ 0x0000000004397054 [0x0000000004396b60+0x4f4]
J 15574 C1 org.gradle.api.internal.changedetection.state.OutputFilesCollectionSnapshotter.snapshot(Lorg/gradle/api/file/FileCollection;)Lorg/gradle/api/internal/changedetection/state/FileCollectionSnapshot; (6 bytes) @ 0x0000000004b90044 [0x0000000004b8ffc0+0x84]
J 22334 C1 org.gradle.api.internal.changedetection.rules.TaskUpToDateState.<init>(Lorg/gradle/api/internal/TaskInternal;Lorg/gradle/api/internal/changedetection/state/TaskHistoryRepository$History;Lorg/gradle/api/internal/changedetection/state/FileCollectionSnapshotter;Lorg/gradle/api/internal/changedetection/state/FileCollectionSnapshotter;)V (281 bytes) @ 0x000000000520ca2c [0x000000000520bc20+0xe0c]
J 15542 C1 org.gradle.api.internal.changedetection.changes.DefaultTaskArtifactStateRepository$TaskArtifactStateImpl.getStates()Lorg/gradle/api/internal/changedetection/rules/TaskUpToDateState; (45 bytes) @ 0x00000000044ef804 [0x00000000044ef6c0+0x144]
J 15627 C1 org.gradle.api.internal.changedetection.changes.DefaultTaskArtifactStateRepository$TaskArtifactStateImpl.isUpToDate(Ljava/util/Collection;)Z (38 bytes) @ 0x0000000004df15c4 [0x0000000004df1540+0x84]
J 15522 C1 org.gradle.api.internal.tasks.execution.SkipUpToDateTaskExecuter.execute(Lorg/gradle/api/internal/TaskInternal;Lorg/gradle/api/internal/tasks/TaskStateInternal;Lorg/gradle/api/internal/tasks/TaskExecutionContext;)V (221 bytes) @ 0x00000000030ba214 [0x00000000030b9fe0+0x234]
J 15521 C1 org.gradle.api.internal.tasks.execution.ValidatingTaskExecuter.execute(Lorg/gradle/api/internal/TaskInternal;Lorg/gradle/api/internal/tasks/TaskStateInternal;Lorg/gradle/api/internal/tasks/TaskExecutionContext;)V (221 bytes) @ 0x000000000484ecf4 [0x000000000484e0a0+0xc54]
J 9643 C1 org.gradle.api.internal.tasks.execution.SkipEmptySourceFilesTaskExecuter.execute(Lorg/gradle/api/internal/TaskInternal;Lorg/gradle/api/internal/tasks/TaskStateInternal;Lorg/gradle/api/internal/tasks/TaskExecutionContext;)V (62 bytes) @ 0x000000000422112c [0x0000000004220fe0+0x14c]
J 18922 C1 org.gradle.api.internal.tasks.execution.SkipTaskWithNoActionsExecuter.execute(Lorg/gradle/api/internal/TaskInternal;Lorg/gradle/api/internal/tasks/TaskStateInternal;Lorg/gradle/api/internal/tasks/TaskExecutionContext;)V (116 bytes) @ 0x000000000489b6d4 [0x000000000489aa80+0xc54]
J 18919 C1 org.gradle.api.internal.tasks.execution.SkipOnlyIfTaskExecuter.execute(Lorg/gradle/api/internal/TaskInternal;Lorg/gradle/api/internal/tasks/TaskStateInternal;Lorg/gradle/api/internal/tasks/TaskExecutionContext;)V (90 bytes) @ 0x00000000045f21c4 [0x00000000045f1400+0xdc4]
J 18918 C1 org.gradle.api.internal.tasks.execution.ExecuteAtMostOnceTaskExecuter.execute(Lorg/gradle/api/internal/TaskInternal;Lorg/gradle/api/internal/tasks/TaskStateInternal;Lorg/gradle/api/internal/tasks/TaskExecutionContext;)V (70 bytes) @ 0x00000000045495a4 [0x0000000004549300+0x2a4]
J 15493 C1 org.gradle.execution.taskgraph.AbstractTaskPlanExecutor$TaskExecutorWorker.executeTask(Lorg/gradle/execution/taskgraph/TaskInfo;)V (131 bytes) @ 0x0000000004c1c874 [0x0000000004c1c580+0x2f4]
J 15492 C1 org.gradle.execution.taskgraph.AbstractTaskPlanExecutor$TaskExecutorWorker.processTask(Lorg/gradle/execution/taskgraph/TaskInfo;)V (51 bytes) @ 0x00000000038eee14 [0x00000000038eeda0+0x74]
j  org.gradle.execution.taskgraph.AbstractTaskPlanExecutor$TaskExecutorWorker.run()V+56
j  org.gradle.execution.taskgraph.DefaultTaskPlanExecutor.process(Lorg/gradle/execution/taskgraph/TaskExecutionPlan;Lorg/gradle/api/execution/TaskExecutionListener;)V+6
j  org.gradle.execution.taskgraph.DefaultTaskGraphExecuter.execute()V+46
j  org.gradle.execution.SelectedTaskExecutionAction.execute(Lorg/gradle/execution/BuildExecutionContext;)V+41
j  org.gradle.execution.DefaultBuildExecuter.execute(I)V+36
j  org.gradle.execution.DefaultBuildExecuter.access$200(Lorg/gradle/execution/DefaultBuildExecuter;I)V+2
j  org.gradle.execution.DefaultBuildExecuter$2.proceed()V+10
j  org.gradle.execution.DryRunBuildExecutionAction.execute(Lorg/gradle/execution/BuildExecutionContext;)V+68
j  org.gradle.execution.DefaultBuildExecuter.execute(I)V+36
j  org.gradle.execution.DefaultBuildExecuter.execute()V+2
j  org.gradle.initialization.DefaultGradleLauncher.doBuildStages(Lorg/gradle/initialization/DefaultGradleLauncher$Stage;)V+184
j  org.gradle.initialization.DefaultGradleLauncher.doBuild(Lorg/gradle/initialization/DefaultGradleLauncher$Stage;)Lorg/gradle/BuildResult;+27
j  org.gradle.initialization.DefaultGradleLauncher.run()Lorg/gradle/BuildResult;+4
j  org.gradle.launcher.exec.InProcessBuildActionExecuter$DefaultBuildController.run()Lorg/gradle/api/internal/GradleInternal;+5
j  org.gradle.tooling.internal.provider.BuildModelAction.run(Lorg/gradle/initialization/BuildController;)Lorg/gradle/tooling/internal/provider/BuildActionResult;+15
j  org.gradle.tooling.internal.provider.BuildModelAction.run(Lorg/gradle/initialization/BuildController;)Ljava/lang/Object;+2
j  org.gradle.tooling.internal.provider.ConfiguringBuildAction.run(Lorg/gradle/initialization/BuildController;)Ljava/lang/Object;+15
j  org.gradle.launcher.exec.InProcessBuildActionExecuter.execute(Lorg/gradle/initialization/BuildAction;Lorg/gradle/initialization/BuildCancellationToken;Lorg/gradle/launcher/exec/BuildActionParameters;)Ljava/lang/Object;+19
j  org.gradle.launcher.exec.InProcessBuildActionExecuter.execute(Lorg/gradle/initialization/BuildAction;Lorg/gradle/initialization/BuildCancellationToken;Ljava/lang/Object;)Ljava/lang/Object;+7
j  org.gradle.launcher.daemon.server.exec.ExecuteBuild.doBuild(Lorg/gradle/launcher/daemon/server/exec/DaemonCommandExecution;Lorg/gradle/launcher/daemon/protocol/Build;)V+47
j  org.gradle.launcher.daemon.server.exec.BuildCommandOnly.execute(Lorg/gradle/launcher/daemon/server/exec/DaemonCommandExecution;)V+49
j  org.gradle.launcher.daemon.server.exec.DaemonCommandExecution.proceed()Z+28
j  org.gradle.launcher.daemon.server.exec.WatchForDisconnection.execute(Lorg/gradle/launcher/daemon/server/exec/DaemonCommandExecution;)V+19
j  org.gradle.launcher.daemon.server.exec.DaemonCommandExecution.proceed()Z+28
j  org.gradle.launcher.daemon.server.exec.ResetDeprecationLogger.execute(Lorg/gradle/launcher/daemon/server/exec/DaemonCommandExecution;)V+4
j  org.gradle.launcher.daemon.server.exec.DaemonCommandExecution.proceed()Z+28
j  org.gradle.launcher.daemon.server.exec.StartStopIfBuildAndStop.execute(Lorg/gradle/launcher/daemon/server/exec/DaemonCommandExecution;)V+34
j  org.gradle.launcher.daemon.server.exec.DaemonCommandExecution.proceed()Z+28
j  org.gradle.launcher.daemon.server.exec.ForwardClientInput$2.call()Ljava/lang/Void;+4
j  org.gradle.launcher.daemon.server.exec.ForwardClientInput$2.call()Ljava/lang/Object;+1
j  org.gradle.util.Swapper.swap(Ljava/lang/Object;Ljava/util/concurrent/Callable;)Ljava/lang/Object;+21
j  org.gradle.launcher.daemon.server.exec.ForwardClientInput.execute(Lorg/gradle/launcher/daemon/server/exec/DaemonCommandExecution;)V+63
j  org.gradle.launcher.daemon.server.exec.DaemonCommandExecution.proceed()Z+28
j  org.gradle.launcher.daemon.server.exec.LogToClient.doBuild(Lorg/gradle/launcher/daemon/server/exec/DaemonCommandExecution;Lorg/gradle/launcher/daemon/protocol/Build;)V+92
j  org.gradle.launcher.daemon.server.exec.BuildCommandOnly.execute(Lorg/gradle/launcher/daemon/server/exec/DaemonCommandExecution;)V+49
j  org.gradle.launcher.daemon.server.exec.DaemonCommandExecution.proceed()Z+28
j  org.gradle.launcher.daemon.server.exec.EstablishBuildEnvironment.doBuild(Lorg/gradle/launcher/daemon/server/exec/DaemonCommandExecution;Lorg/gradle/launcher/daemon/protocol/Build;)V+237
j  org.gradle.launcher.daemon.server.exec.BuildCommandOnly.execute(Lorg/gradle/launcher/daemon/server/exec/DaemonCommandExecution;)V+49
j  org.gradle.launcher.daemon.server.exec.DaemonCommandExecution.proceed()Z+28
j  org.gradle.launcher.daemon.server.exec.DaemonHygieneAction.execute(Lorg/gradle/launcher/daemon/server/exec/DaemonCommandExecution;)V+1
j  org.gradle.launcher.daemon.server.exec.DaemonCommandExecution.proceed()Z+28
j  org.gradle.launcher.daemon.server.exec.StartBuildOrRespondWithBusy$1.run()V+44
j  org.gradle.launcher.daemon.server.DaemonStateCoordinator$1.run()V+4
j  org.gradle.internal.concurrent.DefaultExecutorFactory$StoppableExecutorImpl$1.run()V+18
j  java.util.concurrent.ThreadPoolExecutor.runWorker(Ljava/util/concurrent/ThreadPoolExecutor$Worker;)V+95
j  java.util.concurrent.ThreadPoolExecutor$Worker.run()V+5
j  java.lang.Thread.run()V+11
v  ~StubRoutines::call_stub

---------------  P R O C E S S  ---------------

Java Threads: ( => current thread )
  0x000000005a971000 JavaThread "Stdin handler" [_thread_blocked, id=3260, stack(0x0000000060960000,0x0000000060a60000)]
=>0x000000005a974000 JavaThread "Daemon worker Thread 13" [_thread_in_native, id=8812, stack(0x000000005f380000,0x000000005f480000)]
  0x000000005a973800 JavaThread "Cancel handler" [_thread_blocked, id=2464, stack(0x0000000059410000,0x0000000059510000)]
  0x000000005a970800 JavaThread "Handler for socket connection from /127.0.0.1:49946 to /127.0.0.1:65243" [_thread_in_native, id=8576, stack(0x0000000059200000,0x0000000059300000)]
  0x000000005a96f000 JavaThread "Daemon Thread 13" [_thread_blocked, id=8116, stack(0x0000000058dd0000,0x0000000058ed0000)]
  0x0000000057ad8000 JavaThread "File lock request listener" [_thread_in_native, id=4788, stack(0x000000005ad50000,0x000000005ae50000)]
  0x0000000057842000 JavaThread "Incoming local TCP Connector on port 49946" [_thread_in_native, id=4492, stack(0x0000000058c90000,0x0000000058d90000)]
  0x0000000056544800 JavaThread "Service Thread" daemon [_thread_blocked, id=1696, stack(0x0000000057170000,0x0000000057270000)]
  0x00000000564bf000 JavaThread "C1 CompilerThread2" daemon [_thread_blocked, id=7744, stack(0x0000000057050000,0x0000000057150000)]
  0x00000000564bd000 JavaThread "C2 CompilerThread1" daemon [_thread_blocked, id=4360, stack(0x0000000056a20000,0x0000000056b20000)]
  0x00000000564ae000 JavaThread "C2 CompilerThread0" daemon [_thread_blocked, id=7984, stack(0x0000000056d70000,0x0000000056e70000)]
  0x00000000564bb000 JavaThread "Attach Listener" daemon [_thread_blocked, id=1984, stack(0x0000000056bb0000,0x0000000056cb0000)]
  0x00000000564b9800 JavaThread "Signal Dispatcher" daemon [_thread_blocked, id=5092, stack(0x0000000056910000,0x0000000056a10000)]
  0x00000000550e5000 JavaThread "Finalizer" daemon [_thread_blocked, id=7508, stack(0x00000000563a0000,0x00000000564a0000)]
  0x00000000550da000 JavaThread "Reference Handler" daemon [_thread_blocked, id=4136, stack(0x0000000056250000,0x0000000056350000)]
  0x00000000024ff000 JavaThread "main" [_thread_blocked, id=3620, stack(0x0000000002680000,0x0000000002780000)]

Other Threads:
  0x00000000550d6800 VMThread [stack: 0x0000000056130000,0x0000000056230000] [id=2612]
  0x000000005654c800 WatcherThread [stack: 0x0000000056030000,0x0000000056130000] [id=2616]

VM state:not at safepoint (normal execution)

VM Mutex/Monitor currently owned by a thread: None

Heap:
 PSYoungGen      total 266752K, used 76765K [0x00000000eab00000, 0x00000000ff500000, 0x0000000100000000)
  eden space 201728K, 38% used [0x00000000eab00000,0x00000000ef5f7668,0x00000000f7000000)
  from space 65024K, 0% used [0x00000000fb580000,0x00000000fb580000,0x00000000ff500000)
  to   space 68096K, 0% used [0x00000000f7000000,0x00000000f7000000,0x00000000fb280000)
 ParOldGen       total 336896K, used 203590K [0x00000000c0000000, 0x00000000d4900000, 0x00000000eab00000)
  object space 336896K, 60% used [0x00000000c0000000,0x00000000cc6d1b40,0x00000000d4900000)
 Metaspace       used 139345K, capacity 148572K, committed 149504K, reserved 1175552K
  class space    used 19800K, capacity 22833K, committed 23552K, reserved 1048576K

Card table byte_map: [0x0000000011b40000,0x0000000011d50000] byte_map_base: 0x0000000011540000

Marking Bits: (ParMarkBitMap*) 0x00000000631612b0
 Begin Bits: [0x0000000012550000, 0x0000000013550000)
 End Bits:   [0x0000000013550000, 0x0000000014550000)

Polling page: 0x0000000000430000

CodeCache: size=245760Kb used=69165Kb max_used=73595Kb free=176594Kb
 bounds [0x0000000002780000, 0x0000000006ff0000, 0x0000000011780000]
 total_blobs=20376 nmethods=19641 adapters=645
 compilation: enabled

Compilation events (10 events):
Event: 7508.926 Thread 0x00000000564bf000 39573       3       org.gradle.api.internal.changedetection.rules.CachingTaskStateChanges::iterator (27 bytes)
Event: 7508.927 Thread 0x00000000564bf000 nmethod 39573 0x00000000062f7490 code [0x00000000062f7680, 0x00000000062f7e78]
Event: 7508.933 Thread 0x00000000564bf000 39574       3       com.google.common.collect.ImmutableList::copyOf (44 bytes)
Event: 7508.934 Thread 0x00000000564bf000 nmethod 39574 0x0000000003987bd0 code [0x0000000003987e20, 0x0000000003988ae8]
Event: 7508.934 Thread 0x00000000564bf000 39575       3       com.android.build.gradle.internal.profile.RecordingBuildListener$TaskRecord::$getStaticMetaClass (39 bytes)
Event: 7508.936 Thread 0x00000000564bf000 nmethod 39575 0x00000000061453d0 code [0x00000000061456e0, 0x00000000061470d8]
Event: 7508.937 Thread 0x00000000564bf000 39576       1       com.android.build.gradle.internal.scope.GlobalScope::getGeneratedDir (5 bytes)
Event: 7508.938 Thread 0x00000000564bf000 nmethod 39576 0x0000000004f9f4d0 code [0x0000000004f9f620, 0x0000000004f9f730]
Event: 7508.940 Thread 0x00000000564bd000 39577       4       com.google.common.collect.ImmutableCollection$ArrayBasedBuilder::add (34 bytes)
Event: 7508.943 Thread 0x00000000564bd000 nmethod 39577 0x0000000004ad6950 code [0x0000000004ad6aa0, 0x0000000004ad6dc8]

GC Heap History (10 events):
Event: 7114.449 GC heap before
{Heap before GC invocations=212 (full 35):
 PSYoungGen      total 262656K, used 247570K [0x00000000eab00000, 0x0000000100000000, 0x0000000100000000)
  eden space 190464K, 100% used [0x00000000eab00000,0x00000000f6500000,0x00000000f6500000)
  from space 72192K, 79% used [0x00000000fb780000,0x00000000fef44bd8,0x00000000ffe00000)
  to   space 79360K, 0% used [0x00000000f6500000,0x00000000f6500000,0x00000000fb280000)
 ParOldGen       total 338944K, used 212679K [0x00000000c0000000, 0x00000000d4b00000, 0x00000000eab00000)
  object space 338944K, 62% used [0x00000000c0000000,0x00000000ccfb1e90,0x00000000d4b00000)
 Metaspace       used 129111K, capacity 137096K, committed 143104K, reserved 1169408K
  class space    used 18168K, capacity 20725K, committed 23552K, reserved 1048576K
Event: 7114.560 GC heap after
Heap after GC invocations=212 (full 35):
 PSYoungGen      total 269824K, used 14176K [0x00000000eab00000, 0x0000000100000000, 0x0000000100000000)
  eden space 190464K, 0% used [0x00000000eab00000,0x00000000eab00000,0x00000000f6500000)
  from space 79360K, 17% used [0x00000000f6500000,0x00000000f72d8000,0x00000000fb280000)
  to   space 76800K, 0% used [0x00000000fb500000,0x00000000fb500000,0x0000000100000000)
 ParOldGen       total 338944K, used 264916K [0x00000000c0000000, 0x00000000d4b00000, 0x00000000eab00000)
  object space 338944K, 78% used [0x00000000c0000000,0x00000000d02b5160,0x00000000d4b00000)
 Metaspace       used 129111K, capacity 137096K, committed 143104K, reserved 1169408K
  class space    used 18168K, capacity 20725K, committed 23552K, reserved 1048576K
}
Event: 7118.341 GC heap before
{Heap before GC invocations=213 (full 35):
 PSYoungGen      total 269824K, used 204640K [0x00000000eab00000, 0x0000000100000000, 0x0000000100000000)
  eden space 190464K, 100% used [0x00000000eab00000,0x00000000f6500000,0x00000000f6500000)
  from space 79360K, 17% used [0x00000000f6500000,0x00000000f72d8000,0x00000000fb280000)
  to   space 76800K, 0% used [0x00000000fb500000,0x00000000fb500000,0x0000000100000000)
 ParOldGen       total 338944K, used 264916K [0x00000000c0000000, 0x00000000d4b00000, 0x00000000eab00000)
  object space 338944K, 78% used [0x00000000c0000000,0x00000000d02b5160,0x00000000d4b00000)
 Metaspace       used 130003K, capacity 138052K, committed 143104K, reserved 1169408K
  class space    used 18332K, capacity 20961K, committed 23552K, reserved 1048576K
Event: 7118.366 GC heap after
Heap after GC invocations=213 (full 35):
 PSYoungGen      total 265216K, used 4513K [0x00000000eab00000, 0x00000000ffb80000, 0x0000000100000000)
  eden space 193024K, 0% used [0x00000000eab00000,0x00000000eab00000,0x00000000f6780000)
  from space 72192K, 6% used [0x00000000fb500000,0x00000000fb968670,0x00000000ffb80000)
  to   space 75776K, 0% used [0x00000000f6780000,0x00000000f6780000,0x00000000fb180000)
 ParOldGen       total 338944K, used 273940K [0x00000000c0000000, 0x00000000d4b00000, 0x00000000eab00000)
  object space 338944K, 80% used [0x00000000c0000000,0x00000000d0b85160,0x00000000d4b00000)
 Metaspace       used 130003K, capacity 138052K, committed 143104K, reserved 1169408K
  class space    used 18332K, capacity 20961K, committed 23552K, reserved 1048576K
}
Event: 7506.358 GC heap before
{Heap before GC invocations=214 (full 35):
 PSYoungGen      total 265216K, used 197537K [0x00000000eab00000, 0x00000000ffb80000, 0x0000000100000000)
  eden space 193024K, 100% used [0x00000000eab00000,0x00000000f6780000,0x00000000f6780000)
  from space 72192K, 6% used [0x00000000fb500000,0x00000000fb968670,0x00000000ffb80000)
  to   space 75776K, 0% used [0x00000000f6780000,0x00000000f6780000,0x00000000fb180000)
 ParOldGen       total 338944K, used 273940K [0x00000000c0000000, 0x00000000d4b00000, 0x00000000eab00000)
  object space 338944K, 80% used [0x00000000c0000000,0x00000000d0b85160,0x00000000d4b00000)
 Metaspace       used 135281K, capacity 143790K, committed 146432K, reserved 1171456K
  class space    used 19098K, capacity 21888K, committed 23552K, reserved 1048576K
Event: 7506.383 GC heap after
Heap after GC invocations=214 (full 35):
 PSYoungGen      total 268800K, used 19914K [0x00000000eab00000, 0x00000000ffb80000, 0x0000000100000000)
  eden space 193024K, 0% used [0x00000000eab00000,0x00000000eab00000,0x00000000f6780000)
  from space 75776K, 26% used [0x00000000f6780000,0x00000000f7af2b90,0x00000000fb180000)
  to   space 71680K, 0% used [0x00000000fb580000,0x00000000fb580000,0x00000000ffb80000)
 ParOldGen       total 338944K, used 277724K [0x00000000c0000000, 0x00000000d4b00000, 0x00000000eab00000)
  object space 338944K, 81% used [0x00000000c0000000,0x00000000d0f37170,0x00000000d4b00000)
 Metaspace       used 135281K, capacity 143790K, committed 146432K, reserved 1171456K
  class space    used 19098K, capacity 21888K, committed 23552K, reserved 1048576K
}
Event: 7507.525 GC heap before
{Heap before GC invocations=215 (full 35):
 PSYoungGen      total 268800K, used 212938K [0x00000000eab00000, 0x00000000ffb80000, 0x0000000100000000)
  eden space 193024K, 100% used [0x00000000eab00000,0x00000000f6780000,0x00000000f6780000)
  from space 75776K, 26% used [0x00000000f6780000,0x00000000f7af2b90,0x00000000fb180000)
  to   space 71680K, 0% used [0x00000000fb580000,0x00000000fb580000,0x00000000ffb80000)
 ParOldGen       total 338944K, used 277724K [0x00000000c0000000, 0x00000000d4b00000, 0x00000000eab00000)
  object space 338944K, 81% used [0x00000000c0000000,0x00000000d0f37170,0x00000000d4b00000)
 Metaspace       used 138628K, capacity 147486K, committed 148992K, reserved 1175552K
  class space    used 19643K, capacity 22597K, committed 23552K, reserved 1048576K
Event: 7507.556 GC heap after
Heap after GC invocations=215 (full 35):
 PSYoungGen      total 266752K, used 17737K [0x00000000eab00000, 0x00000000ff500000, 0x0000000100000000)
  eden space 201728K, 0% used [0x00000000eab00000,0x00000000eab00000,0x00000000f7000000)
  from space 65024K, 27% used [0x00000000fb580000,0x00000000fc6d2580,0x00000000ff500000)
  to   space 68096K, 0% used [0x00000000f7000000,0x00000000f7000000,0x00000000fb280000)
 ParOldGen       total 338944K, used 291791K [0x00000000c0000000, 0x00000000d4b00000, 0x00000000eab00000)
  object space 338944K, 86% used [0x00000000c0000000,0x00000000d1cf3f60,0x00000000d4b00000)
 Metaspace       used 138628K, capacity 147486K, committed 148992K, reserved 1175552K
  class space    used 19643K, capacity 22597K, committed 23552K, reserved 1048576K
}
Event: 7507.556 GC heap before
{Heap before GC invocations=216 (full 36):
 PSYoungGen      total 266752K, used 17737K [0x00000000eab00000, 0x00000000ff500000, 0x0000000100000000)
  eden space 201728K, 0% used [0x00000000eab00000,0x00000000eab00000,0x00000000f7000000)
  from space 65024K, 27% used [0x00000000fb580000,0x00000000fc6d2580,0x00000000ff500000)
  to   space 68096K, 0% used [0x00000000f7000000,0x00000000f7000000,0x00000000fb280000)
 ParOldGen       total 338944K, used 291791K [0x00000000c0000000, 0x00000000d4b00000, 0x00000000eab00000)
  object space 338944K, 86% used [0x00000000c0000000,0x00000000d1cf3f60,0x00000000d4b00000)
 Metaspace       used 138628K, capacity 147486K, committed 148992K, reserved 1175552K
  class space    used 19643K, capacity 22597K, committed 23552K, reserved 1048576K
Event: 7508.098 GC heap after
Heap after GC invocations=216 (full 36):
 PSYoungGen      total 266752K, used 0K [0x00000000eab00000, 0x00000000ff500000, 0x0000000100000000)
  eden space 201728K, 0% used [0x00000000eab00000,0x00000000eab00000,0x00000000f7000000)
  from space 65024K, 0% used [0x00000000fb580000,0x00000000fb580000,0x00000000ff500000)
  to   space 68096K, 0% used [0x00000000f7000000,0x00000000f7000000,0x00000000fb280000)
 ParOldGen       total 336896K, used 203590K [0x00000000c0000000, 0x00000000d4900000, 0x00000000eab00000)
  object space 336896K, 60% used [0x00000000c0000000,0x00000000cc6d1b40,0x00000000d4900000)
 Metaspace       used 138628K, capacity 147486K, committed 148992K, reserved 1175552K
  class space    used 19643K, capacity 22597K, committed 23552K, reserved 1048576K
}

Deoptimization events (10 events):
Event: 7506.783 Thread 0x000000005a974000 Uncommon trap: reason=array_check action=maybe_recompile pc=0x00000000035e90ac method=java.util.TimSort.mergeLo(IIII)V @ 81
Event: 7506.783 Thread 0x000000005a974000 Uncommon trap: reason=array_check action=maybe_recompile pc=0x00000000035e90ac method=java.util.TimSort.mergeLo(IIII)V @ 81
Event: 7506.846 Thread 0x000000005a974000 Uncommon trap: reason=array_check action=maybe_recompile pc=0x00000000035e90ac method=java.util.TimSort.mergeLo(IIII)V @ 81
Event: 7506.846 Thread 0x000000005a974000 Uncommon trap: reason=array_check action=maybe_recompile pc=0x00000000035e90ac method=java.util.TimSort.mergeLo(IIII)V @ 81
Event: 7507.150 Thread 0x000000005a974000 Uncommon trap: reason=array_check action=maybe_recompile pc=0x00000000044e729c method=java.util.TimSort.mergeLo(IIII)V @ 212
Event: 7507.186 Thread 0x000000005a974000 Uncommon trap: reason=predicate action=maybe_recompile pc=0x000000000481a284 method=java.util.TimSort.mergeLo(IIII)V @ 153
Event: 7507.445 Thread 0x000000005a974000 Uncommon trap: reason=class_check action=maybe_recompile pc=0x0000000003bc1698 method=org.gradle.api.internal.project.AbstractProject.getServiceRegistryFactory()Lorg/gradle/internal/service/scopes/ServiceRegistryFactory; @ 7
Event: 7507.456 Thread 0x000000005a974000 Uncommon trap: reason=class_check action=maybe_recompile pc=0x0000000003bc1698 method=org.gradle.api.internal.project.AbstractProject.getServiceRegistryFactory()Lorg/gradle/internal/service/scopes/ServiceRegistryFactory; @ 7
Event: 7507.457 Thread 0x000000005a974000 Uncommon trap: reason=class_check action=maybe_recompile pc=0x0000000003bc1698 method=org.gradle.api.internal.project.AbstractProject.getServiceRegistryFactory()Lorg/gradle/internal/service/scopes/ServiceRegistryFactory; @ 7
Event: 7507.457 Thread 0x000000005a974000 Uncommon trap: reason=class_check action=maybe_recompile pc=0x0000000003bc1698 method=org.gradle.api.internal.project.AbstractProject.getServiceRegistryFactory()Lorg/gradle/internal/service/scopes/ServiceRegistryFactory; @ 7

Internal exceptions (10 events):
Event: 7508.683 Thread 0x000000005a974000 Exception <a 'java/security/PrivilegedActionException'> (0x00000000ee68a440) thrown at [C:\re\workspace\8-2-build-windows-amd64-cygwin\jdk8u11\648\hotspot\src\share\vm\prims\jvm.cpp, line 1248]
Event: 7508.683 Thread 0x000000005a974000 Exception <a 'java/security/PrivilegedActionException'> (0x00000000ee68b638) thrown at [C:\re\workspace\8-2-build-windows-amd64-cygwin\jdk8u11\648\hotspot\src\share\vm\prims\jvm.cpp, line 1248]
Event: 7508.683 Thread 0x000000005a974000 Exception <a 'java/security/PrivilegedActionException'> (0x00000000ee68c830) thrown at [C:\re\workspace\8-2-build-windows-amd64-cygwin\jdk8u11\648\hotspot\src\share\vm\prims\jvm.cpp, line 1248]
Event: 7508.683 Thread 0x000000005a974000 Exception <a 'java/security/PrivilegedActionException'> (0x00000000ee693188) thrown at [C:\re\workspace\8-2-build-windows-amd64-cygwin\jdk8u11\648\hotspot\src\share\vm\prims\jvm.cpp, line 1248]
Event: 7508.683 Thread 0x000000005a974000 Exception <a 'java/lang/ClassNotFoundException': com/android/build/gradle/internal/tasks/MergeFileTaskCustomizer> (0x00000000ee693708) thrown at [C:\re\workspace\8-2-build-windows-amd64-cygwin\jdk8u11\648\hotspot\src\share\vm\classfile\systemDictionary.cpp
Event: 7508.684 Thread 0x000000005a974000 Exception <a 'java/security/PrivilegedActionException'> (0x00000000ee6afdc0) thrown at [C:\re\workspace\8-2-build-windows-amd64-cygwin\jdk8u11\648\hotspot\src\share\vm\prims\jvm.cpp, line 1248]
Event: 7508.684 Thread 0x000000005a974000 Exception <a 'java/security/PrivilegedActionException'> (0x00000000ee6b1090) thrown at [C:\re\workspace\8-2-build-windows-amd64-cygwin\jdk8u11\648\hotspot\src\share\vm\prims\jvm.cpp, line 1248]
Event: 7508.684 Thread 0x000000005a974000 Exception <a 'java/security/PrivilegedActionException'> (0x00000000ee6b2000) thrown at [C:\re\workspace\8-2-build-windows-amd64-cygwin\jdk8u11\648\hotspot\src\share\vm\prims\jvm.cpp, line 1248]
Event: 7508.684 Thread 0x000000005a974000 Exception <a 'java/security/PrivilegedActionException'> (0x00000000ee6b9118) thrown at [C:\re\workspace\8-2-build-windows-amd64-cygwin\jdk8u11\648\hotspot\src\share\vm\prims\jvm.cpp, line 1248]
Event: 7508.684 Thread 0x000000005a974000 Exception <a 'java/lang/ClassNotFoundException': com/android/build/gradle/internal/tasks/MergeFileTask_DecoratedCustomizer> (0x00000000ee6b96b0) thrown at [C:\re\workspace\8-2-build-windows-amd64-cygwin\jdk8u11\648\hotspot\src\share\vm\classfile\systemDictŠÛí®T½@

Events (10 events):
Event: 7508.683 loading class com/android/build/gradle/internal/tasks/MergeFileTaskBeanInfo
Event: 7508.683 loading class com/android/build/gradle/internal/tasks/MergeFileTaskBeanInfo done
Event: 7508.683 loading class com/android/build/gradle/internal/tasks/MergeFileTaskCustomizer
Event: 7508.683 loading class com/android/build/gradle/internal/tasks/MergeFileTaskCustomizer done
Event: 7508.683 loading class com/android/build/gradle/internal/tasks/MergeFileTaskCustomizer
Event: 7508.683 loading class com/android/build/gradle/internal/tasks/MergeFileTaskCustomizer done
Event: 7508.684 loading class com/android/build/gradle/internal/tasks/MergeFileTask_DecoratedCustomizer
Event: 7508.684 loading class com/android/build/gradle/internal/tasks/MergeFileTask_DecoratedCustomizer done
Event: 7508.684 loading class com/android/build/gradle/internal/tasks/MergeFileTask_DecoratedCustomizer
Event: 7508.684 loading class com/android/build/gradle/internal/tasks/MergeFileTask_DecoratedCustomizer done


Dynamic libraries:
0x000000013f790000 - 0x000000013f7c4000 	C:\Program Files\Java\jdk1.8.0_11\bin\java.exe
0x0000000077030000 - 0x00000000771da000 	C:\Windows\SYSTEM32\ntdll.dll
0x0000000076f10000 - 0x000000007702f000 	C:\Windows\system32\kernel32.dll
0x000007fefce70000 - 0x000007fefceda000 	C:\Windows\system32\KERNELBASE.dll
0x000007fefd7c0000 - 0x000007fefd89b000 	C:\Windows\system32\ADVAPI32.dll
0x000007fefd700000 - 0x000007fefd79f000 	C:\Windows\system32\msvcrt.dll
0x000007fefd7a0000 - 0x000007fefd7bf000 	C:\Windows\SYSTEM32\sechost.dll
0x000007fefd450000 - 0x000007fefd57d000 	C:\Windows\system32\RPCRT4.dll
0x0000000076e10000 - 0x0000000076f0a000 	C:\Windows\system32\USER32.dll
0x000007feff070000 - 0x000007feff0d7000 	C:\Windows\system32\GDI32.dll
0x000007feff1f0000 - 0x000007feff1fe000 	C:\Windows\system32\LPK.dll
0x000007fefd580000 - 0x000007fefd64a000 	C:\Windows\system32\USP10.dll
0x000007fefb7a0000 - 0x000007fefb994000 	C:\Windows\WinSxS\amd64_microsoft.windows.common-controls_6595b64144ccf1df_6.0.7601.18837_none_fa3b1e3d17594757\COMCTL32.dll
0x000007fefd670000 - 0x000007fefd6e1000 	C:\Windows\system32\SHLWAPI.dll
0x000007fefd8a0000 - 0x000007fefd8ce000 	C:\Windows\system32\IMM32.DLL
0x000007feff0e0000 - 0x000007feff1e9000 	C:\Windows\system32\MSCTF.dll
0x0000000058ee0000 - 0x0000000058fb2000 	C:\Program Files\Java\jdk1.8.0_11\jre\bin\msvcr100.dll
0x00000000629b0000 - 0x00000000631da000 	C:\Program Files\Java\jdk1.8.0_11\jre\bin\server\jvm.dll
0x000007fefa6e0000 - 0x000007fefa6e9000 	C:\Windows\system32\WSOCK32.dll
0x000007fefd400000 - 0x000007fefd44d000 	C:\Windows\system32\WS2_32.dll
0x000007fefd6f0000 - 0x000007fefd6f8000 	C:\Windows\system32\NSI.dll
0x000007fef7850000 - 0x000007fef788b000 	C:\Windows\system32\WINMM.dll
0x00000000771f0000 - 0x00000000771f7000 	C:\Windows\system32\PSAPI.DLL
0x000000006de70000 - 0x000000006de7f000 	C:\Program Files\Java\jdk1.8.0_11\jre\bin\verify.dll
0x00000000676c0000 - 0x00000000676e8000 	C:\Program Files\Java\jdk1.8.0_11\jre\bin\java.dll
0x0000000065540000 - 0x0000000065556000 	C:\Program Files\Java\jdk1.8.0_11\jre\bin\zip.dll
0x000007fefe200000 - 0x000007fefef89000 	C:\Windows\system32\SHELL32.dll
0x000007fefdb10000 - 0x000007fefdd13000 	C:\Windows\system32\ole32.dll
0x000007fefcd70000 - 0x000007fefcd7f000 	C:\Windows\system32\profapi.dll
0x000007fefc5b0000 - 0x000007fefc5c8000 	C:\Windows\system32\CRYPTSP.dll
0x000007fefc2b0000 - 0x000007fefc2f7000 	C:\Windows\system32\rsaenh.dll
0x000007fefcf00000 - 0x000007fefcf1e000 	C:\Windows\system32\USERENV.dll
0x000007fefcc10000 - 0x000007fefcc1f000 	C:\Windows\system32\CRYPTBASE.dll
0x0000000065520000 - 0x000000006553a000 	C:\Program Files\Java\jdk1.8.0_11\jre\bin\net.dll
0x000007fefc550000 - 0x000007fefc5a5000 	C:\Windows\system32\mswsock.dll
0x000007fefc540000 - 0x000007fefc547000 	C:\Windows\System32\wship6.dll
0x000007fefaa00000 - 0x000007fefaa27000 	C:\Windows\system32\IPHLPAPI.DLL
0x000007fefa9e0000 - 0x000007fefa9eb000 	C:\Windows\system32\WINNSI.DLL
0x000007fefa6f0000 - 0x000007fefa708000 	C:\Windows\system32\dhcpcsvc.DLL
0x000007fefa6c0000 - 0x000007fefa6d1000 	C:\Windows\system32\dhcpcsvc6.DLL
0x0000000065500000 - 0x0000000065511000 	C:\Program Files\Java\jdk1.8.0_11\jre\bin\nio.dll
0x000007fef41c0000 - 0x000007fef41d2000 	C:\Users\hufeng\AppData\Local\Temp\native-platform8611618507479622561dir\native-platform.dll
0x000007fefcbb0000 - 0x000007fefcc07000 	C:\Windows\system32\apphelp.dll
0x000000006de60000 - 0x000000006de6d000 	C:\Program Files\Java\jdk1.8.0_11\jre\bin\management.dll
0x0000000062550000 - 0x0000000062574000 	C:\Program Files\Java\jdk1.8.0_11\jre\bin\sunec.dll
0x000007fefbf30000 - 0x000007fefbf37000 	C:\Windows\System32\wshtcpip.dll
0x000007fefc3d0000 - 0x000007fefc42b000 	C:\Windows\system32\DNSAPI.dll
0x000007fef9400000 - 0x000007fef9408000 	C:\Windows\system32\rasadhlp.dll
0x000007fefa810000 - 0x000007fefa863000 	C:\Windows\System32\fwpuclnt.dll
0x000007fefadf0000 - 0x000007fefae05000 	C:\Windows\system32\NLAapi.dll
0x000007fef7cc0000 - 0x000007fef7cd5000 	C:\Windows\system32\napinsp.dll
0x000007fef7ca0000 - 0x000007fef7cb9000 	C:\Windows\system32\pnrpnsp.dll
0x000007fef7c60000 - 0x000007fef7c6b000 	C:\Windows\System32\winrnr.dll
0x000007feedb80000 - 0x000007feedca5000 	C:\Windows\system32\dbghelp.dll

VM Arguments:
jvm_args: -XX:MaxPermSize=256m -XX:+HeapDumpOnOutOfMemoryError -Xmx1024m -Dfile.encoding=GBK -Duser.country=CN -Duser.language=zh -Duser.variant 
java_command: org.gradle.launcher.daemon.bootstrap.GradleDaemon 2.2 C:\Users\hufeng\.gradle\daemon 10800000 73ebdf65-ba97-4b28-83e1-e7e36cc4fbe0 -XX:MaxPermSize=256m -XX:+HeapDumpOnOutOfMemoryError -Xmx1024m -Dfile.encoding=GBK -Duser.country=CN -Duser.language=zh -Duser.variant
java_class_path (initial): C:\Users\hufeng\.gradle\wrapper\dists\gradle-2.2-all\1vevkra640w3rb9hkuw50q5we\gradle-2.2\lib\gradle-launcher-2.2.jar
Launcher Type: SUN_STANDARD

Environment Variables:
JAVA_HOME=C:\Program Files\Java\jdk1.8.0_11
PATH=C:\ProgramData\Oracle\Java\javapath;C:\Program Files\Java\jdk1.8.0_11/bin;C:\Program Files (x86)\Intel\iCLS Client\;C:\Program Files\Intel\iCLS Client\;C:\Windows\system32;C:\Windows;C:\Windows\System32\Wbem;C:\Windows\System32\WindowsPowerShell\v1.0\;C:\Program Files\Intel\Intel(R) Management Engine Components\DAL;C:\Program Files (x86)\Intel\Intel(R) Management Engine Components\DAL;C:\Program Files\Intel\Intel(R) Management Engine Components\IPT;C:\Program Files (x86)\Intel\Intel(R) Management Engine Components\IPT
USERNAME=hufeng
OS=Windows_NT
PROCESSOR_IDENTIFIER=Intel64 Family 6 Model 61 Stepping 4, GenuineIntel



---------------  S Y S T E M  ---------------

OS: Windows 7 , 64 bit Build 7601 Service Pack 1

CPU:total 4 (2 cores per cpu, 2 threads per core) family 6 model 61 stepping 4, cmov, cx8, fxsr, mmx, sse, sse2, sse3, ssse3, sse4.1, sse4.2, popcnt, avx, avx2, aes, clmul, erms, ht, tsc, tscinvbit

Memory: 4k page, physical 16598500k(10213000k free), swap 33195140k(26845880k free)

vm_info: Java HotSpot(TM) 64-Bit Server VM (25.11-b03) for windows-amd64 JRE (1.8.0_11-b12), built on Jun 16 2014 20:57:32 by "java_re" with MS VC++ 10.0 (VS2010)

time: Fri Aug 19 12:30:18 2016
elapsed time: 7508 seconds

