#
# A fatal error has been detected by the Java Runtime Environment:
#
#  EXCEPTION_ACCESS_VIOLATION (0xc0000005) at pc=0x0000000077038e9f, pid=8080, tid=4436
#
# JRE version: Java(TM) SE Runtime Environment (8.0_11-b12) (build 1.8.0_11-b12)
# Java VM: Java HotSpot(TM) 64-Bit Server VM (25.11-b03 mixed mode windows-amd64 compressed oops)
# Problematic frame:
# C  [ntdll.dll+0x48e9f]
#
# Failed to write core dump. Minidumps are not enabled by default on client versions of Windows
#
# If you would like to submit a bug report, please visit:
#   http://bugreport.sun.com/bugreport/crash.jsp
# The crash happened outside the Java Virtual Machine in native code.
# See problematic frame for where to report the bug.
#

---------------  T H R E A D  ---------------

Current thread (0x0000000056352000):  JavaThread "Daemon worker Thread 28" [_thread_in_native, id=4436, stack(0x000000005edf0000,0x000000005eef0000)]

siginfo: ExceptionCode=0xc0000005, writing address 0x000000000000005c

Registers:
RAX=0x000000000000005c, RBX=0x0000000069158890, RCX=0x0000000069158982, RDX=0x0000000000000134
RSP=0x000000005eeece40, RBP=0x000000000000fffe, RSI=0x0000000000000000, RDI=0x0000000069158890
R8 =0x000000000000009a, R9 =0x0000000000000134, R10=0x0000000000000000, R11=0x000000000000ffff
R12=0x0000000000000134, R13=0x0000000000000012, R14=0x000000005eeed040, R15=0x000000000000009a
RIP=0x0000000077038e9f, EFLAGS=0x0000000000010246

Top of Stack: (sp=0x000000005eeece40)
0x000000005eeece40:   00000000771003c8 0000000000000000
0x000000005eeece50:   0000000000000140 0000000001dc0000
0x000000005eeece60:   0000000001360134 0000000069158890
0x000000005eeece70:   000000005eeed000 000000007703ffd8
0x000000005eeece80:   0000000000000000 000000005eeed150
0x000000005eeece90:   0000000069158890 0000000002470470
0x000000005eeecea0:   000000000000013e 0000000076df1901
0x000000005eeeceb0:   00000000021a0144 0000000002470080
0x000000005eeecec0:   0000000069c32bc0 0000000000000134
0x000000005eeeced0:   00000000024713a0 0000000000000000
0x000000005eeecee0:   0000000000000040 0000000000000000
0x000000005eeecef0:   000000005eeece68 0000000000000000
0x000000005eeecf00:   000000005eeed088 0000000069158890
0x000000005eeecf10:   0000000000000150 0000000001dc0000
0x000000005eeecf20:   0000000000000140 0000000000000140
0x000000005eeecf30:   0000000000000000 0000000001360134 

Instructions: (pc=0x0000000077038e9f)
0x0000000077038e7f:   e2 fc 8b c2 48 01 41 18 8b 41 10 4c 89 44 c1 20
0x0000000077038e8f:   ff 41 10 8b c2 c3 44 8a 74 24 40 e9 c0 55 00 00
0x0000000077038e9f:   41 0f b7 c1 48 83 c1 02 48 d1 e8 48 8d 04 43 48
0x0000000077038eaf:   3b c8 73 39 0f b7 01 66 83 c8 20 66 83 f8 70 0f 


Register to memory mapping:

RAX=0x000000000000005c is an unknown value
RBX=0x0000000069158890 is an unknown value
RCX=0x0000000069158982 is an unknown value
RDX=0x0000000000000134 is an unknown value
RSP=0x000000005eeece40 is pointing into the stack for thread: 0x0000000056352000
RBP=0x000000000000fffe is an unknown value
RSI=0x0000000000000000 is an unknown value
RDI=0x0000000069158890 is an unknown value
R8 =0x000000000000009a is an unknown value
R9 =0x0000000000000134 is an unknown value
R10=0x0000000000000000 is an unknown value
R11=0x000000000000ffff is an unknown value
R12=0x0000000000000134 is an unknown value
R13=0x0000000000000012 is an unknown value
R14=0x000000005eeed040 is pointing into the stack for thread: 0x0000000056352000
R15=0x000000000000009a is an unknown value


Stack: [0x000000005edf0000,0x000000005eef0000],  sp=0x000000005eeece40,  free space=1011k
Native frames: (J=compiled Java code, j=interpreted, Vv=VM code, C=native code)
C  [ntdll.dll+0x48e9f]
C  [ntdll.dll+0x4ffd8]
C  [ntdll.dll+0x50b4a]
C  [KERNELBASE.dll+0x7056]
C  [java.dll+0x9a74]
C  [java.dll+0x9b9f]
C  0x0000000002aff289

Java frames: (J=compiled Java code, j=interpreted, Vv=VM code)
J 503  java.io.WinNTFileSystem.getBooleanAttributes(Ljava/io/File;)I (0 bytes) @ 0x0000000002aff20f [0x0000000002aff1c0+0x4f]
J 26006 C2 org.gradle.api.internal.changedetection.state.DefaultFileCollectionSnapshotter$1.run()V (134 bytes) @ 0x00000000062e557c [0x00000000062e5020+0x55c]
J 30240 C2 org.gradle.cache.internal.DefaultCacheAccess.useCache(Ljava/lang/String;Lorg/gradle/internal/Factory;)Ljava/lang/Object; (180 bytes) @ 0x0000000006da10c4 [0x0000000006da1020+0xa4]
J 36727 C2 org.gradle.cache.internal.DefaultCacheFactory$ReferenceTrackingCache.useCache(Ljava/lang/String;Ljava/lang/Runnable;)V (15 bytes) @ 0x0000000005e5b7d4 [0x0000000005e5b720+0xb4]
J 32933 C1 org.gradle.api.internal.changedetection.state.DefaultTaskArtifactStateCacheAccess.useCache(Ljava/lang/String;Ljava/lang/Runnable;)V (12 bytes) @ 0x0000000002a7533c [0x0000000002a75240+0xfc]
J 40496 C1 org.gradle.api.internal.changedetection.state.DefaultFileCollectionSnapshotter.snapshot(Lorg/gradle/api/file/FileCollection;)Lorg/gradle/api/internal/changedetection/state/FileCollectionSnapshot; (70 bytes) @ 0x0000000004a0db54 [0x0000000004a0d4a0+0x6b4]
J 20605 C1 org.gradle.api.internal.changedetection.state.OutputFilesCollectionSnapshotter.snapshot(Lorg/gradle/api/file/FileCollection;)Lorg/gradle/api/internal/changedetection/state/OutputFilesCollectionSnapshotter$OutputFilesSnapshot; (55 bytes) @ 0x000000000491db54 [0x000000000491d660+0x4f4]
J 10932 C1 org.gradle.api.internal.changedetection.state.OutputFilesCollectionSnapshotter.snapshot(Lorg/gradle/api/file/FileCollection;)Lorg/gradle/api/internal/changedetection/state/FileCollectionSnapshot; (6 bytes) @ 0x00000000046ad584 [0x00000000046ad500+0x84]
J 20612 C1 org.gradle.api.internal.changedetection.rules.TaskUpToDateState.<init>(Lorg/gradle/api/internal/TaskInternal;Lorg/gradle/api/internal/changedetection/state/TaskHistoryRepository$History;Lorg/gradle/api/internal/changedetection/state/FileCollectionSnapshotter;Lorg/gradle/api/internal/changedetection/state/FileCollectionSnapshotter;)V (281 bytes) @ 0x0000000005317e6c [0x0000000005317060+0xe0c]
J 10644 C1 org.gradle.api.internal.changedetection.changes.DefaultTaskArtifactStateRepository$TaskArtifactStateImpl.getStates()Lorg/gradle/api/internal/changedetection/rules/TaskUpToDateState; (45 bytes) @ 0x00000000045ae884 [0x00000000045ae740+0x144]
J 11045 C1 org.gradle.api.internal.changedetection.changes.DefaultTaskArtifactStateRepository$TaskArtifactStateImpl.isUpToDate(Ljava/util/Collection;)Z (38 bytes) @ 0x00000000046f90c4 [0x00000000046f9040+0x84]
J 60484 C1 org.gradle.api.internal.tasks.execution.SkipUpToDateTaskExecuter.execute(Lorg/gradle/api/internal/TaskInternal;Lorg/gradle/api/internal/tasks/TaskStateInternal;Lorg/gradle/api/internal/tasks/TaskExecutionContext;)V (221 bytes) @ 0x0000000009196b0c [0x0000000009196460+0x6ac]
J 60483 C1 org.gradle.api.internal.tasks.execution.ValidatingTaskExecuter.execute(Lorg/gradle/api/internal/TaskInternal;Lorg/gradle/api/internal/tasks/TaskStateInternal;Lorg/gradle/api/internal/tasks/TaskExecutionContext;)V (221 bytes) @ 0x00000000091934c4 [0x0000000009190de0+0x26e4]
J 53458 C1 org.gradle.api.internal.tasks.execution.SkipEmptySourceFilesTaskExecuter.execute(Lorg/gradle/api/internal/TaskInternal;Lorg/gradle/api/internal/tasks/TaskStateInternal;Lorg/gradle/api/internal/tasks/TaskExecutionContext;)V (62 bytes) @ 0x0000000008157af4 [0x00000000081575e0+0x514]
J 44291 C1 org.gradle.api.internal.tasks.execution.SkipTaskWithNoActionsExecuter.execute(Lorg/gradle/api/internal/TaskInternal;Lorg/gradle/api/internal/tasks/TaskStateInternal;Lorg/gradle/api/internal/tasks/TaskExecutionContext;)V (116 bytes) @ 0x00000000072dba74 [0x00000000072dae60+0xc14]
J 44289 C1 org.gradle.api.internal.tasks.execution.SkipOnlyIfTaskExecuter.execute(Lorg/gradle/api/internal/TaskInternal;Lorg/gradle/api/internal/tasks/TaskStateInternal;Lorg/gradle/api/internal/tasks/TaskExecutionContext;)V (90 bytes) @ 0x00000000040f1c04 [0x00000000040f0e40+0xdc4]
J 44288 C1 org.gradle.api.internal.tasks.execution.ExecuteAtMostOnceTaskExecuter.execute(Lorg/gradle/api/internal/TaskInternal;Lorg/gradle/api/internal/tasks/TaskStateInternal;Lorg/gradle/api/internal/tasks/TaskExecutionContext;)V (70 bytes) @ 0x0000000003742264 [0x0000000003741fc0+0x2a4]
J 10523 C1 org.gradle.execution.taskgraph.AbstractTaskPlanExecutor$TaskExecutorWorker.executeTask(Lorg/gradle/execution/taskgraph/TaskInfo;)V (131 bytes) @ 0x000000000453021c [0x000000000452faa0+0x77c]
J 10522 C1 org.gradle.execution.taskgraph.AbstractTaskPlanExecutor$TaskExecutorWorker.processTask(Lorg/gradle/execution/taskgraph/TaskInfo;)V (51 bytes) @ 0x000000000452f1cc [0x000000000452f140+0x8c]
j  org.gradle.execution.taskgraph.AbstractTaskPlanExecutor$TaskExecutorWorker.run()V+56
j  org.gradle.execution.taskgraph.DefaultTaskPlanExecutor.process(Lorg/gradle/execution/taskgraph/TaskExecutionPlan;Lorg/gradle/api/execution/TaskExecutionListener;)V+6
j  org.gradle.execution.taskgraph.DefaultTaskGraphExecuter.execute()V+46
j  org.gradle.execution.SelectedTaskExecutionAction.execute(Lorg/gradle/execution/BuildExecutionContext;)V+41
j  org.gradle.execution.DefaultBuildExecuter.execute(I)V+36
j  org.gradle.execution.DefaultBuildExecuter.access$200(Lorg/gradle/execution/DefaultBuildExecuter;I)V+2
j  org.gradle.execution.DefaultBuildExecuter$2.proceed()V+10
j  org.gradle.execution.DryRunBuildExecutionAction.execute(Lorg/gradle/execution/BuildExecutionContext;)V+68
j  org.gradle.execution.DefaultBuildExecuter.execute(I)V+36
j  org.gradle.execution.DefaultBuildExecuter.execute()V+2
j  org.gradle.initialization.DefaultGradleLauncher.doBuildStages(Lorg/gradle/initialization/DefaultGradleLauncher$Stage;)V+184
j  org.gradle.initialization.DefaultGradleLauncher.doBuild(Lorg/gradle/initialization/DefaultGradleLauncher$Stage;)Lorg/gradle/BuildResult;+27
j  org.gradle.initialization.DefaultGradleLauncher.run()Lorg/gradle/BuildResult;+4
j  org.gradle.launcher.exec.InProcessBuildActionExecuter$DefaultBuildController.run()Lorg/gradle/api/internal/GradleInternal;+5
j  org.gradle.tooling.internal.provider.BuildModelAction.run(Lorg/gradle/initialization/BuildController;)Lorg/gradle/tooling/internal/provider/BuildActionResult;+15
j  org.gradle.tooling.internal.provider.BuildModelAction.run(Lorg/gradle/initialization/BuildController;)Ljava/lang/Object;+2
j  org.gradle.tooling.internal.provider.ConfiguringBuildAction.run(Lorg/gradle/initialization/BuildController;)Ljava/lang/Object;+15
j  org.gradle.launcher.exec.InProcessBuildActionExecuter.execute(Lorg/gradle/initialization/BuildAction;Lorg/gradle/initialization/BuildCancellationToken;Lorg/gradle/launcher/exec/BuildActionParameters;)Ljava/lang/Object;+19
j  org.gradle.launcher.exec.InProcessBuildActionExecuter.execute(Lorg/gradle/initialization/BuildAction;Lorg/gradle/initialization/BuildCancellationToken;Ljava/lang/Object;)Ljava/lang/Object;+7
j  org.gradle.launcher.daemon.server.exec.ExecuteBuild.doBuild(Lorg/gradle/launcher/daemon/server/exec/DaemonCommandExecution;Lorg/gradle/launcher/daemon/protocol/Build;)V+47
j  org.gradle.launcher.daemon.server.exec.BuildCommandOnly.execute(Lorg/gradle/launcher/daemon/server/exec/DaemonCommandExecution;)V+49
J 53183 C1 org.gradle.launcher.daemon.server.exec.DaemonCommandExecution.proceed()Z (35 bytes) @ 0x0000000008197984 [0x00000000081975e0+0x3a4]
j  org.gradle.launcher.daemon.server.exec.WatchForDisconnection.execute(Lorg/gradle/launcher/daemon/server/exec/DaemonCommandExecution;)V+19
J 53183 C1 org.gradle.launcher.daemon.server.exec.DaemonCommandExecution.proceed()Z (35 bytes) @ 0x0000000008197984 [0x00000000081975e0+0x3a4]
j  org.gradle.launcher.daemon.server.exec.ResetDeprecationLogger.execute(Lorg/gradle/launcher/daemon/server/exec/DaemonCommandExecution;)V+4
J 53183 C1 org.gradle.launcher.daemon.server.exec.DaemonCommandExecution.proceed()Z (35 bytes) @ 0x0000000008197984 [0x00000000081975e0+0x3a4]
j  org.gradle.launcher.daemon.server.exec.StartStopIfBuildAndStop.execute(Lorg/gradle/launcher/daemon/server/exec/DaemonCommandExecution;)V+34
J 53183 C1 org.gradle.launcher.daemon.server.exec.DaemonCommandExecution.proceed()Z (35 bytes) @ 0x0000000008197984 [0x00000000081975e0+0x3a4]
j  org.gradle.launcher.daemon.server.exec.ForwardClientInput$2.call()Ljava/lang/Void;+4
j  org.gradle.launcher.daemon.server.exec.ForwardClientInput$2.call()Ljava/lang/Object;+1
j  org.gradle.util.Swapper.swap(Ljava/lang/Object;Ljava/util/concurrent/Callable;)Ljava/lang/Object;+21
j  org.gradle.launcher.daemon.server.exec.ForwardClientInput.execute(Lorg/gradle/launcher/daemon/server/exec/DaemonCommandExecution;)V+63
J 53183 C1 org.gradle.launcher.daemon.server.exec.DaemonCommandExecution.proceed()Z (35 bytes) @ 0x0000000008197984 [0x00000000081975e0+0x3a4]
j  org.gradle.launcher.daemon.server.exec.LogToClient.doBuild(Lorg/gradle/launcher/daemon/server/exec/DaemonCommandExecution;Lorg/gradle/launcher/daemon/protocol/Build;)V+92
j  org.gradle.launcher.daemon.server.exec.BuildCommandOnly.execute(Lorg/gradle/launcher/daemon/server/exec/DaemonCommandExecution;)V+49
J 53183 C1 org.gradle.launcher.daemon.server.exec.DaemonCommandExecution.proceed()Z (35 bytes) @ 0x0000000008197984 [0x00000000081975e0+0x3a4]
j  org.gradle.launcher.daemon.server.exec.EstablishBuildEnvironment.doBuild(Lorg/gradle/launcher/daemon/server/exec/DaemonCommandExecution;Lorg/gradle/launcher/daemon/protocol/Build;)V+237
j  org.gradle.launcher.daemon.server.exec.BuildCommandOnly.execute(Lorg/gradle/launcher/daemon/server/exec/DaemonCommandExecution;)V+49
J 53183 C1 org.gradle.launcher.daemon.server.exec.DaemonCommandExecution.proceed()Z (35 bytes) @ 0x0000000008197984 [0x00000000081975e0+0x3a4]
j  org.gradle.launcher.daemon.server.exec.DaemonHygieneAction.execute(Lorg/gradle/launcher/daemon/server/exec/DaemonCommandExecution;)V+1
J 53183 C1 org.gradle.launcher.daemon.server.exec.DaemonCommandExecution.proceed()Z (35 bytes) @ 0x0000000008197984 [0x00000000081975e0+0x3a4]
j  org.gradle.launcher.daemon.server.exec.StartBuildOrRespondWithBusy$1.run()V+44
j  org.gradle.launcher.daemon.server.DaemonStateCoordinator$1.run()V+4
J 70335 C1 org.gradle.internal.concurrent.DefaultExecutorFactory$StoppableExecutorImpl$1.run()V (107 bytes) @ 0x000000000a33cf64 [0x000000000a33cb80+0x3e4]
J 72136 C1 java.util.concurrent.ThreadPoolExecutor.runWorker(Ljava/util/concurrent/ThreadPoolExecutor$Worker;)V (225 bytes) @ 0x0000000009b56c84 [0x0000000009b55ea0+0xde4]
J 54858 C1 java.util.concurrent.ThreadPoolExecutor$Worker.run()V (9 bytes) @ 0x0000000002a3907c [0x0000000002a38f80+0xfc]
J 49411 C1 java.lang.Thread.run()V (17 bytes) @ 0x0000000006458c74 [0x0000000006458b40+0x134]
v  ~StubRoutines::call_stub

---------------  P R O C E S S  ---------------

Java Threads: ( => current thread )
  0x000000005afef000 JavaThread "Stdin handler" [_thread_blocked, id=7572, stack(0x00000000625c0000,0x00000000626c0000)]
=>0x0000000056352000 JavaThread "Daemon worker Thread 28" [_thread_in_native, id=4436, stack(0x000000005edf0000,0x000000005eef0000)]
  0x0000000056356800 JavaThread "Cancel handler" [_thread_blocked, id=4448, stack(0x0000000058380000,0x0000000058480000)]
  0x0000000056357800 JavaThread "Handler for socket connection from /127.0.0.1:49869 to /127.0.0.1:64743" [_thread_in_native, id=6692, stack(0x0000000058260000,0x0000000058360000)]
  0x0000000056356000 JavaThread "Daemon Thread 28" [_thread_blocked, id=4520, stack(0x0000000058150000,0x0000000058250000)]
  0x0000000059485800 JavaThread "File lock request listener" [_thread_in_native, id=7588, stack(0x0000000058910000,0x0000000058a10000)]
  0x0000000057759000 JavaThread "Incoming local TCP Connector on port 49869" [_thread_in_native, id=7440, stack(0x0000000057d70000,0x0000000057e70000)]
  0x00000000563de000 JavaThread "Service Thread" daemon [_thread_blocked, id=8176, stack(0x0000000056ef0000,0x0000000056ff0000)]
  0x000000005634f000 JavaThread "C1 CompilerThread2" daemon [_thread_blocked, id=8172, stack(0x0000000056950000,0x0000000056a50000)]
  0x000000005634c800 JavaThread "C2 CompilerThread1" daemon [_thread_blocked, id=8168, stack(0x0000000056cd0000,0x0000000056dd0000)]
  0x0000000056340000 JavaThread "C2 CompilerThread0" daemon [_thread_blocked, id=8164, stack(0x0000000056bd0000,0x0000000056cd0000)]
  0x000000005633f000 JavaThread "Attach Listener" daemon [_thread_blocked, id=8160, stack(0x0000000056a60000,0x0000000056b60000)]
  0x000000005634a800 JavaThread "Signal Dispatcher" daemon [_thread_blocked, id=8156, stack(0x0000000056800000,0x0000000056900000)]
  0x0000000055205000 JavaThread "Finalizer" daemon [_thread_blocked, id=8152, stack(0x0000000056230000,0x0000000056330000)]
  0x00000000551fa000 JavaThread "Reference Handler" daemon [_thread_blocked, id=8148, stack(0x0000000055f30000,0x0000000056030000)]
  0x0000000001dcf000 JavaThread "main" [_thread_blocked, id=8108, stack(0x00000000027c0000,0x00000000028c0000)]

Other Threads:
  0x00000000551f6800 VMThread [stack: 0x00000000560e0000,0x00000000561e0000] [id=8144]
  0x00000000563f5800 WatcherThread [stack: 0x0000000057170000,0x0000000057270000] [id=8180]

VM state:not at safepoint (normal execution)

VM Mutex/Monitor currently owned by a thread: None

Heap:
 PSYoungGen      total 282112K, used 204906K [0x00000000eab00000, 0x00000000ffb00000, 0x0000000100000000)
  eden space 223744K, 80% used [0x00000000eab00000,0x00000000f5b37a98,0x00000000f8580000)
  from space 58368K, 41% used [0x00000000fbc80000,0x00000000fd462e30,0x00000000ff580000)
  to   space 56320K, 0% used [0x00000000f8580000,0x00000000f8580000,0x00000000fbc80000)
 ParOldGen       total 619008K, used 341911K [0x00000000c0000000, 0x00000000e5c80000, 0x00000000eab00000)
  object space 619008K, 55% used [0x00000000c0000000,0x00000000d4de5f08,0x00000000e5c80000)
 Metaspace       used 352001K, capacity 368192K, committed 368640K, reserved 1361920K
  class space    used 50477K, capacity 55877K, committed 56064K, reserved 1048576K

Card table byte_map: [0x0000000011c80000,0x0000000011e90000] byte_map_base: 0x0000000011680000

Marking Bits: (ParMarkBitMap*) 0x00000000591d12b0
 Begin Bits: [0x0000000012670000, 0x0000000013670000)
 End Bits:   [0x0000000013670000, 0x0000000014670000)

Polling page: 0x0000000000130000

CodeCache: size=245760Kb used=135545Kb max_used=135545Kb free=110214Kb
 bounds [0x00000000028c0000, 0x000000000adf0000, 0x00000000118c0000]
 total_blobs=43754 nmethods=43018 adapters=645
 compilation: enabled

Compilation events (10 events):
Event: 14969.081 Thread 0x000000005634f000 76478       3       com.google.common.base.Ascii::toUpperCase (74 bytes)
Event: 14969.082 Thread 0x000000005634f000 nmethod 76478 0x000000000ade9090 code [0x000000000ade92c0, 0x000000000adea068]
Event: 14969.105 Thread 0x000000005634f000 76479   !   3       sun.reflect.GeneratedConstructorAccessor809::newInstance (61 bytes)
Event: 14969.106 Thread 0x000000005634f000 nmethod 76479 0x000000000adea710 code [0x000000000adea8e0, 0x000000000adeafd8]
Event: 14969.114 Thread 0x000000005634f000 76480       3       com.android.build.gradle.internal.profile.RecordingBuildListener::$getCallSiteArray (40 bytes)
Event: 14969.115 Thread 0x000000005634f000 nmethod 76480 0x000000000adeb350 code [0x000000000adeb520, 0x000000000adebcd8]
Event: 14969.115 Thread 0x000000005634f000 76481       3       com.android.build.gradle.internal.profile.RecordingBuildListener$TaskRecord::getMetaClass (23 bytes)
Event: 14969.116 Thread 0x000000005634f000 nmethod 76481 0x000000000adec010 code [0x000000000adec180, 0x000000000adec3e8]
Event: 14969.116 Thread 0x000000005634f000 76482       3       com.google.common.base.CaseFormat$5::normalizeWord (5 bytes)
Event: 14969.116 Thread 0x000000005634f000 nmethod 76482 0x000000000adec490 code [0x000000000adec600, 0x000000000adec788]

GC Heap History (10 events):
Event: 14258.824 GC heap before
{Heap before GC invocations=477 (full 64):
 PSYoungGen      total 271872K, used 212363K [0x00000000eab00000, 0x00000000ff880000, 0x0000000100000000)
  eden space 204288K, 100% used [0x00000000eab00000,0x00000000f7280000,0x00000000f7280000)
  from space 67584K, 11% used [0x00000000fb280000,0x00000000fba62de8,0x00000000ff480000)
  to   space 65536K, 0% used [0x00000000f7280000,0x00000000f7280000,0x00000000fb280000)
 ParOldGen       total 619008K, used 329167K [0x00000000c0000000, 0x00000000e5c80000, 0x00000000eab00000)
  object space 619008K, 53% used [0x00000000c0000000,0x00000000d4173cf8,0x00000000e5c80000)
 Metaspace       used 339959K, capacity 354118K, committed 355968K, reserved 1351680K
  class space    used 48518K, capacity 53229K, committed 53888K, reserved 1048576K
Event: 14258.848 GC heap after
Heap after GC invocations=477 (full 64):
 PSYoungGen      total 269824K, used 24145K [0x00000000eab00000, 0x00000000ff700000, 0x0000000100000000)
  eden space 204288K, 0% used [0x00000000eab00000,0x00000000eab00000,0x00000000f7280000)
  from space 65536K, 36% used [0x00000000f7280000,0x00000000f8a14530,0x00000000fb280000)
  to   space 61952K, 0% used [0x00000000fba80000,0x00000000fba80000,0x00000000ff700000)
 ParOldGen       total 619008K, used 334576K [0x00000000c0000000, 0x00000000e5c80000, 0x00000000eab00000)
  object space 619008K, 54% used [0x00000000c0000000,0x00000000d46bc030,0x00000000e5c80000)
 Metaspace       used 339959K, capacity 354118K, committed 355968K, reserved 1351680K
  class space    used 48518K, capacity 53229K, committed 53888K, reserved 1048576K
}
Event: 14260.439 GC heap before
{Heap before GC invocations=478 (full 64):
 PSYoungGen      total 269824K, used 228433K [0x00000000eab00000, 0x00000000ff700000, 0x0000000100000000)
  eden space 204288K, 100% used [0x00000000eab00000,0x00000000f7280000,0x00000000f7280000)
  from space 65536K, 36% used [0x00000000f7280000,0x00000000f8a14530,0x00000000fb280000)
  to   space 61952K, 0% used [0x00000000fba80000,0x00000000fba80000,0x00000000ff700000)
 ParOldGen       total 619008K, used 334576K [0x00000000c0000000, 0x00000000e5c80000, 0x00000000eab00000)
  object space 619008K, 54% used [0x00000000c0000000,0x00000000d46bc030,0x00000000e5c80000)
 Metaspace       used 342408K, capacity 357252K, committed 358400K, reserved 1353728K
  class space    used 48943K, capacity 53851K, committed 54272K, reserved 1048576K
Event: 14260.471 GC heap after
Heap after GC invocations=478 (full 64):
 PSYoungGen      total 280576K, used 14433K [0x00000000eab00000, 0x00000000ff780000, 0x0000000100000000)
  eden space 218624K, 0% used [0x00000000eab00000,0x00000000eab00000,0x00000000f8080000)
  from space 61952K, 23% used [0x00000000fba80000,0x00000000fc898440,0x00000000ff700000)
  to   space 59392K, 0% used [0x00000000f8080000,0x00000000f8080000,0x00000000fba80000)
 ParOldGen       total 619008K, used 353482K [0x00000000c0000000, 0x00000000e5c80000, 0x00000000eab00000)
  object space 619008K, 57% used [0x00000000c0000000,0x00000000d5932b18,0x00000000e5c80000)
 Metaspace       used 342408K, capacity 357252K, committed 358400K, reserved 1353728K
  class space    used 48943K, capacity 53851K, committed 54272K, reserved 1048576K
}
Event: 14263.986 GC heap before
{Heap before GC invocations=479 (full 64):
 PSYoungGen      total 280576K, used 100914K [0x00000000eab00000, 0x00000000ff780000, 0x0000000100000000)
  eden space 218624K, 39% used [0x00000000eab00000,0x00000000eff74590,0x00000000f8080000)
  from space 61952K, 23% used [0x00000000fba80000,0x00000000fc898440,0x00000000ff700000)
  to   space 59392K, 0% used [0x00000000f8080000,0x00000000f8080000,0x00000000fba80000)
 ParOldGen       total 619008K, used 353482K [0x00000000c0000000, 0x00000000e5c80000, 0x00000000eab00000)
  object space 619008K, 57% used [0x00000000c0000000,0x00000000d5932b18,0x00000000e5c80000)
 Metaspace       used 343608K, capacity 358718K, committed 359680K, reserved 1353728K
  class space    used 49165K, capacity 54159K, committed 54528K, reserved 1048576K
Event: 14264.003 GC heap after
Heap after GC invocations=479 (full 64):
 PSYoungGen      total 278016K, used 3959K [0x00000000eab00000, 0x00000000ff580000, 0x0000000100000000)
  eden space 218624K, 0% used [0x00000000eab00000,0x00000000eab00000,0x00000000f8080000)
  from space 59392K, 6% used [0x00000000f8080000,0x00000000f845ddf0,0x00000000fba80000)
  to   space 58368K, 0% used [0x00000000fbc80000,0x00000000fbc80000,0x00000000ff580000)
 ParOldGen       total 619008K, used 365935K [0x00000000c0000000, 0x00000000e5c80000, 0x00000000eab00000)
  object space 619008K, 59% used [0x00000000c0000000,0x00000000d655bd68,0x00000000e5c80000)
 Metaspace       used 343608K, capacity 358718K, committed 359680K, reserved 1353728K
  class space    used 49165K, capacity 54159K, committed 54528K, reserved 1048576K
}
Event: 14264.003 GC heap before
{Heap before GC invocations=480 (full 65):
 PSYoungGen      total 278016K, used 3959K [0x00000000eab00000, 0x00000000ff580000, 0x0000000100000000)
  eden space 218624K, 0% used [0x00000000eab00000,0x00000000eab00000,0x00000000f8080000)
  from space 59392K, 6% used [0x00000000f8080000,0x00000000f845ddf0,0x00000000fba80000)
  to   space 58368K, 0% used [0x00000000fbc80000,0x00000000fbc80000,0x00000000ff580000)
 ParOldGen       total 619008K, used 365935K [0x00000000c0000000, 0x00000000e5c80000, 0x00000000eab00000)
  object space 619008K, 59% used [0x00000000c0000000,0x00000000d655bd68,0x00000000e5c80000)
 Metaspace       used 343608K, capacity 358718K, committed 359680K, reserved 1353728K
  class space    used 49165K, capacity 54159K, committed 54528K, reserved 1048576K
Event: 14265.021 GC heap after
Heap after GC invocations=480 (full 65):
 PSYoungGen      total 278016K, used 0K [0x00000000eab00000, 0x00000000ff580000, 0x0000000100000000)
  eden space 218624K, 0% used [0x00000000eab00000,0x00000000eab00000,0x00000000f8080000)
  from space 59392K, 0% used [0x00000000f8080000,0x00000000f8080000,0x00000000fba80000)
  to   space 58368K, 0% used [0x00000000fbc80000,0x00000000fbc80000,0x00000000ff580000)
 ParOldGen       total 619008K, used 341911K [0x00000000c0000000, 0x00000000e5c80000, 0x00000000eab00000)
  object space 619008K, 55% used [0x00000000c0000000,0x00000000d4de5f08,0x00000000e5c80000)
 Metaspace       used 343608K, capacity 358718K, committed 359680K, reserved 1353728K
  class space    used 49165K, capacity 54159K, committed 54528K, reserved 1048576K
}
Event: 14968.009 GC heap before
{Heap before GC invocations=481 (full 65):
 PSYoungGen      total 278016K, used 218624K [0x00000000eab00000, 0x00000000ff580000, 0x0000000100000000)
  eden space 218624K, 100% used [0x00000000eab00000,0x00000000f8080000,0x00000000f8080000)
  from space 59392K, 0% used [0x00000000f8080000,0x00000000f8080000,0x00000000fba80000)
  to   space 58368K, 0% used [0x00000000fbc80000,0x00000000fbc80000,0x00000000ff580000)
 ParOldGen       total 619008K, used 341911K [0x00000000c0000000, 0x00000000e5c80000, 0x00000000eab00000)
  object space 619008K, 55% used [0x00000000c0000000,0x00000000d4de5f08,0x00000000e5c80000)
 Metaspace       used 349616K, capacity 365292K, committed 365824K, reserved 1359872K
  class space    used 50044K, capacity 55250K, committed 55552K, reserved 1048576K
Event: 14968.032 GC heap after
Heap after GC invocations=481 (full 65):
 PSYoungGen      total 282112K, used 24459K [0x00000000eab00000, 0x00000000ffb00000, 0x0000000100000000)
  eden space 223744K, 0% used [0x00000000eab00000,0x00000000eab00000,0x00000000f8580000)
  from space 58368K, 41% used [0x00000000fbc80000,0x00000000fd462e30,0x00000000ff580000)
  to   space 56320K, 0% used [0x00000000f8580000,0x00000000f8580000,0x00000000fbc80000)
 ParOldGen       total 619008K, used 341911K [0x00000000c0000000, 0x00000000e5c80000, 0x00000000eab00000)
  object space 619008K, 55% used [0x00000000c0000000,0x00000000d4de5f08,0x00000000e5c80000)
 Metaspace       used 349616K, capacity 365292K, committed 365824K, reserved 1359872K
  class space    used 50044K, capacity 55250K, committed 55552K, reserved 1048576K
}

Deoptimization events (10 events):
Event: 14099.901 Thread 0x0000000056356800 Uncommon trap: reason=class_check action=maybe_recompile pc=0x00000000071636f0 method=com.sun.org.apache.xerces.internal.dom.CoreDocumentImpl.undeferChildren(Lorg/w3c/dom/Node;)V @ 36
Event: 14099.901 Thread 0x0000000056356800 Uncommon trap: reason=class_check action=maybe_recompile pc=0x00000000071636f0 method=com.sun.org.apache.xerces.internal.dom.CoreDocumentImpl.undeferChildren(Lorg/w3c/dom/Node;)V @ 36
Event: 14259.080 Thread 0x0000000056357800 Uncommon trap: reason=class_check action=maybe_recompile pc=0x000000000ac389d0 method=org.gradle.api.tasks.testing.Test_Decorated.getInputs()Lorg/gradle/api/tasks/TaskInputs; @ 29
Event: 14259.323 Thread 0x0000000056357800 Uncommon trap: reason=class_check action=maybe_recompile pc=0x000000000ac389d0 method=org.gradle.api.tasks.testing.Test_Decorated.getInputs()Lorg/gradle/api/tasks/TaskInputs; @ 29
Event: 14259.390 Thread 0x0000000056357800 Uncommon trap: reason=class_check action=maybe_recompile pc=0x000000000ac389d0 method=org.gradle.api.tasks.testing.Test_Decorated.getInputs()Lorg/gradle/api/tasks/TaskInputs; @ 29
Event: 14259.413 Thread 0x0000000056357800 Uncommon trap: reason=class_check action=maybe_recompile pc=0x000000000ac389d0 method=org.gradle.api.tasks.testing.Test_Decorated.getInputs()Lorg/gradle/api/tasks/TaskInputs; @ 29
Event: 14259.477 Thread 0x0000000056357800 Uncommon trap: reason=class_check action=maybe_recompile pc=0x000000000ac7c960 method=org.gradle.api.internal.file.UnionFileCollection.resolve(Lorg/gradle/api/internal/file/collections/FileCollectionResolveContext;)V @ 5
Event: 14259.477 Thread 0x0000000056357800 Uncommon trap: reason=class_check action=maybe_recompile pc=0x000000000ac7c960 method=org.gradle.api.internal.file.UnionFileCollection.resolve(Lorg/gradle/api/internal/file/collections/FileCollectionResolveContext;)V @ 5
Event: 14259.477 Thread 0x0000000056357800 Uncommon trap: reason=class_check action=maybe_recompile pc=0x000000000ac7c960 method=org.gradle.api.internal.file.UnionFileCollection.resolve(Lorg/gradle/api/internal/file/collections/FileCollectionResolveContext;)V @ 5
Event: 14259.478 Thread 0x0000000056357800 Uncommon trap: reason=class_check action=maybe_recompile pc=0x000000000ac7c960 method=org.gradle.api.internal.file.UnionFileCollection.resolve(Lorg/gradle/api/internal/file/collections/FileCollectionResolveContext;)V @ 5

Internal exceptions (10 events):
Event: 14969.098 Thread 0x0000000056352000 Exception <a 'java/security/PrivilegedActionException'> (0x00000000f56e76e0) thrown at [C:\re\workspace\8-2-build-windows-amd64-cygwin\jdk8u11\648\hotspot\src\share\vm\prims\jvm.cpp, line 1248]
Event: 14969.098 Thread 0x0000000056352000 Exception <a 'java/security/PrivilegedActionException'> (0x00000000f56e88d8) thrown at [C:\re\workspace\8-2-build-windows-amd64-cygwin\jdk8u11\648\hotspot\src\share\vm\prims\jvm.cpp, line 1248]
Event: 14969.098 Thread 0x0000000056352000 Exception <a 'java/security/PrivilegedActionException'> (0x00000000f56e9ad0) thrown at [C:\re\workspace\8-2-build-windows-amd64-cygwin\jdk8u11\648\hotspot\src\share\vm\prims\jvm.cpp, line 1248]
Event: 14969.098 Thread 0x0000000056352000 Exception <a 'java/security/PrivilegedActionException'> (0x00000000f56f0428) thrown at [C:\re\workspace\8-2-build-windows-amd64-cygwin\jdk8u11\648\hotspot\src\share\vm\prims\jvm.cpp, line 1248]
Event: 14969.098 Thread 0x0000000056352000 Exception <a 'java/lang/ClassNotFoundException': com/android/build/gradle/internal/tasks/MergeFileTaskCustomizer> (0x00000000f56f09a8) thrown at [C:\re\workspace\8-2-build-windows-amd64-cygwin\jdk8u11\648\hotspot\src\share\vm\classfile\systemDictionary.cppï¿mŽŒ<Í@
Event: 14969.098 Thread 0x0000000056352000 Exception <a 'java/security/PrivilegedActionException'> (0x00000000f570d050) thrown at [C:\re\workspace\8-2-build-windows-amd64-cygwin\jdk8u11\648\hotspot\src\share\vm\prims\jvm.cpp, line 1248]
Event: 14969.098 Thread 0x0000000056352000 Exception <a 'java/security/PrivilegedActionException'> (0x00000000f570e320) thrown at [C:\re\workspace\8-2-build-windows-amd64-cygwin\jdk8u11\648\hotspot\src\share\vm\prims\jvm.cpp, line 1248]
Event: 14969.098 Thread 0x0000000056352000 Exception <a 'java/security/PrivilegedActionException'> (0x00000000f570f290) thrown at [C:\re\workspace\8-2-build-windows-amd64-cygwin\jdk8u11\648\hotspot\src\share\vm\prims\jvm.cpp, line 1248]
Event: 14969.098 Thread 0x0000000056352000 Exception <a 'java/security/PrivilegedActionException'> (0x00000000f57163a8) thrown at [C:\re\workspace\8-2-build-windows-amd64-cygwin\jdk8u11\648\hotspot\src\share\vm\prims\jvm.cpp, line 1248]
Event: 14969.098 Thread 0x0000000056352000 Exception <a 'java/lang/ClassNotFoundException': com/android/build/gradle/internal/tasks/MergeFileTask_DecoratedCustomizer> (0x00000000f5716940) thrown at [C:\re\workspace\8-2-build-windows-amd64-cygwin\jdk8u11\648\hotspot\src\share\vm\classfile\systemDict¨¥{Œ<Í@

Events (10 events):
Event: 14969.097 loading class com/android/build/gradle/internal/tasks/MergeFileTaskBeanInfo
Event: 14969.097 loading class com/android/build/gradle/internal/tasks/MergeFileTaskBeanInfo done
Event: 14969.098 loading class com/android/build/gradle/internal/tasks/MergeFileTaskCustomizer
Event: 14969.098 loading class com/android/build/gradle/internal/tasks/MergeFileTaskCustomizer done
Event: 14969.098 loading class com/android/build/gradle/internal/tasks/MergeFileTaskCustomizer
Event: 14969.098 loading class com/android/build/gradle/internal/tasks/MergeFileTaskCustomizer done
Event: 14969.098 loading class com/android/build/gradle/internal/tasks/MergeFileTask_DecoratedCustomizer
Event: 14969.098 loading class com/android/build/gradle/internal/tasks/MergeFileTask_DecoratedCustomizer done
Event: 14969.098 loading class com/android/build/gradle/internal/tasks/MergeFileTask_DecoratedCustomizer
Event: 14969.098 loading class com/android/build/gradle/internal/tasks/MergeFileTask_DecoratedCustomizer done


Dynamic libraries:
0x000000013f940000 - 0x000000013f974000 	C:\Program Files\Java\jdk1.8.0_11\bin\java.exe
0x0000000076ff0000 - 0x000000007719a000 	C:\Windows\SYSTEM32\ntdll.dll
0x0000000076dd0000 - 0x0000000076eef000 	C:\Windows\system32\kernel32.dll
0x000007fefd080000 - 0x000007fefd0ea000 	C:\Windows\system32\KERNELBASE.dll
0x000007fefdd40000 - 0x000007fefde1b000 	C:\Windows\system32\ADVAPI32.dll
0x000007feff050000 - 0x000007feff0ef000 	C:\Windows\system32\msvcrt.dll
0x000007feff0f0000 - 0x000007feff10f000 	C:\Windows\SYSTEM32\sechost.dll
0x000007fefdec0000 - 0x000007fefdfed000 	C:\Windows\system32\RPCRT4.dll
0x0000000076ef0000 - 0x0000000076fea000 	C:\Windows\system32\USER32.dll
0x000007fefd0f0000 - 0x000007fefd157000 	C:\Windows\system32\GDI32.dll
0x000007fefd5a0000 - 0x000007fefd5ae000 	C:\Windows\system32\LPK.dll
0x000007fefd2f0000 - 0x000007fefd3ba000 	C:\Windows\system32\USP10.dll
0x000007fefb760000 - 0x000007fefb954000 	C:\Windows\WinSxS\amd64_microsoft.windows.common-controls_6595b64144ccf1df_6.0.7601.18837_none_fa3b1e3d17594757\COMCTL32.dll
0x000007fefdcc0000 - 0x000007fefdd31000 	C:\Windows\system32\SHLWAPI.dll
0x000007fefd5b0000 - 0x000007fefd5de000 	C:\Windows\system32\IMM32.DLL
0x000007feff110000 - 0x000007feff219000 	C:\Windows\system32\MSCTF.dll
0x000000005c340000 - 0x000000005c412000 	C:\Program Files\Java\jdk1.8.0_11\jre\bin\msvcr100.dll
0x0000000058a20000 - 0x000000005924a000 	C:\Program Files\Java\jdk1.8.0_11\jre\bin\server\jvm.dll
0x000007feeea90000 - 0x000007feeea99000 	C:\Windows\system32\WSOCK32.dll
0x000007feff220000 - 0x000007feff26d000 	C:\Windows\system32\WS2_32.dll
0x000007feff270000 - 0x000007feff278000 	C:\Windows\system32\NSI.dll
0x000007fef6440000 - 0x000007fef647b000 	C:\Windows\system32\WINMM.dll
0x00000000771b0000 - 0x00000000771b7000 	C:\Windows\system32\PSAPI.DLL
0x00000000735e0000 - 0x00000000735ef000 	C:\Program Files\Java\jdk1.8.0_11\jre\bin\verify.dll
0x000000006ee80000 - 0x000000006eea8000 	C:\Program Files\Java\jdk1.8.0_11\jre\bin\java.dll
0x000000006ee60000 - 0x000000006ee76000 	C:\Program Files\Java\jdk1.8.0_11\jre\bin\zip.dll
0x000007fefdff0000 - 0x000007fefed79000 	C:\Windows\system32\SHELL32.dll
0x000007fefd910000 - 0x000007fefdb13000 	C:\Windows\system32\ole32.dll
0x000007fefcd30000 - 0x000007fefcd3f000 	C:\Windows\system32\profapi.dll
0x000007fefc570000 - 0x000007fefc588000 	C:\Windows\system32\CRYPTSP.dll
0x000007fefc270000 - 0x000007fefc2b7000 	C:\Windows\system32\rsaenh.dll
0x000007fefcf50000 - 0x000007fefcf6e000 	C:\Windows\system32\USERENV.dll
0x000007fefcbd0000 - 0x000007fefcbdf000 	C:\Windows\system32\CRYPTBASE.dll
0x000000006ee40000 - 0x000000006ee5a000 	C:\Program Files\Java\jdk1.8.0_11\jre\bin\net.dll
0x000007fefc510000 - 0x000007fefc565000 	C:\Windows\system32\mswsock.dll
0x000007fefc500000 - 0x000007fefc507000 	C:\Windows\System32\wship6.dll
0x000007fefa950000 - 0x000007fefa977000 	C:\Windows\system32\IPHLPAPI.DLL
0x000007fefa940000 - 0x000007fefa94b000 	C:\Windows\system32\WINNSI.DLL
0x000007fefa680000 - 0x000007fefa698000 	C:\Windows\system32\dhcpcsvc.DLL
0x000007fefa630000 - 0x000007fefa641000 	C:\Windows\system32\dhcpcsvc6.DLL
0x000000006ee20000 - 0x000000006ee31000 	C:\Program Files\Java\jdk1.8.0_11\jre\bin\nio.dll
0x000007fee9480000 - 0x000007fee9492000 	C:\Users\hufeng\AppData\Local\Temp\native-platform4587861299871945444dir\native-platform.dll
0x000007fefcb70000 - 0x000007fefcbc7000 	C:\Windows\system32\apphelp.dll
0x000000006ee10000 - 0x000000006ee1d000 	C:\Program Files\Java\jdk1.8.0_11\jre\bin\management.dll
0x0000000067530000 - 0x0000000067554000 	C:\Program Files\Java\jdk1.8.0_11\jre\bin\sunec.dll
0x000007fefbef0000 - 0x000007fefbef7000 	C:\Windows\System32\wshtcpip.dll
0x000007fefc390000 - 0x000007fefc3eb000 	C:\Windows\system32\DNSAPI.dll
0x000007fef9880000 - 0x000007fef9888000 	C:\Windows\system32\rasadhlp.dll
0x000007fefa730000 - 0x000007fefa783000 	C:\Windows\System32\fwpuclnt.dll
0x000007fefadb0000 - 0x000007fefadc5000 	C:\Windows\system32\NLAapi.dll
0x000007fef7cf0000 - 0x000007fef7d05000 	C:\Windows\system32\napinsp.dll
0x000007fef7cd0000 - 0x000007fef7ce9000 	C:\Windows\system32\pnrpnsp.dll
0x000007fef7b10000 - 0x000007fef7b1b000 	C:\Windows\System32\winrnr.dll
0x000007fee9730000 - 0x000007fee9855000 	C:\Windows\system32\dbghelp.dll

VM Arguments:
jvm_args: -XX:MaxPermSize=256m -XX:+HeapDumpOnOutOfMemoryError -Xmx1024m -Dfile.encoding=GBK -Duser.country=CN -Duser.language=zh -Duser.variant 
java_command: org.gradle.launcher.daemon.bootstrap.GradleDaemon 2.2 C:\Users\hufeng\.gradle\daemon 10800000 7991bb95-1b46-45c4-a1a2-72f050c46148 -XX:MaxPermSize=256m -XX:+HeapDumpOnOutOfMemoryError -Xmx1024m -Dfile.encoding=GBK -Duser.country=CN -Duser.language=zh -Duser.variant
java_class_path (initial): C:\Users\hufeng\.gradle\wrapper\dists\gradle-2.2-all\1vevkra640w3rb9hkuw50q5we\gradle-2.2\lib\gradle-launcher-2.2.jar
Launcher Type: SUN_STANDARD

Environment Variables:
JAVA_HOME=C:\Program Files\Java\jdk1.8.0_11
PATH=C:\ProgramData\Oracle\Java\javapath;C:\Program Files\Java\jdk1.8.0_11/bin;C:\Program Files (x86)\Intel\iCLS Client\;C:\Program Files\Intel\iCLS Client\;C:\Windows\system32;C:\Windows;C:\Windows\System32\Wbem;C:\Windows\System32\WindowsPowerShell\v1.0\;C:\Program Files\Intel\Intel(R) Management Engine Components\DAL;C:\Program Files (x86)\Intel\Intel(R) Management Engine Components\DAL;C:\Program Files\Intel\Intel(R) Management Engine Components\IPT;C:\Program Files (x86)\Intel\Intel(R) Management Engine Components\IPT
USERNAME=hufeng
OS=Windows_NT
PROCESSOR_IDENTIFIER=Intel64 Family 6 Model 61 Stepping 4, GenuineIntel



---------------  S Y S T E M  ---------------

OS: Windows 7 , 64 bit Build 7601 Service Pack 1

CPU:total 4 (2 cores per cpu, 2 threads per core) family 6 model 61 stepping 4, cmov, cx8, fxsr, mmx, sse, sse2, sse3, ssse3, sse4.1, sse4.2, popcnt, avx, avx2, aes, clmul, erms, ht, tsc, tscinvbit

Memory: 4k page, physical 16598500k(10030960k free), swap 33195140k(26669620k free)

vm_info: Java HotSpot(TM) 64-Bit Server VM (25.11-b03) for windows-amd64 JRE (1.8.0_11-b12), built on Jun 16 2014 20:57:32 by "java_re" with MS VC++ 10.0 (VS2010)

time: Mon Aug 15 14:12:21 2016
elapsed time: 14969 seconds

