#
# A fatal error has been detected by the Java Runtime Environment:
#
#  EXCEPTION_ACCESS_VIOLATION (0xc0000005) at pc=0x0000000077078e9f, pid=8680, tid=3288
#
# JRE version: Java(TM) SE Runtime Environment (8.0_11-b12) (build 1.8.0_11-b12)
# Java VM: Java HotSpot(TM) 64-Bit Server VM (25.11-b03 mixed mode windows-amd64 compressed oops)
# Problematic frame:
# C  [ntdll.dll+0x48e9f]
#
# Failed to write core dump. Minidumps are not enabled by default on client versions of Windows
#
# If you would like to submit a bug report, please visit:
#   http://bugreport.sun.com/bugreport/crash.jsp
# The crash happened outside the Java Virtual Machine in native code.
# See problematic frame for where to report the bug.
#

---------------  T H R E A D  ---------------

Current thread (0x00000000582ff000):  JavaThread "Daemon worker Thread 16" [_thread_in_native, id=3288, stack(0x000000005f0c0000,0x000000005f1c0000)]

siginfo: ExceptionCode=0xc0000005, writing address 0x000000000000005c

Registers:
RAX=0x000000000000005c, RBX=0x000000005a38d540, RCX=0x000000005a38d634, RDX=0x0000000000000134
RSP=0x000000005f1bd1e0, RBP=0x000000000000fffe, RSI=0x0000000000000000, RDI=0x000000005a38d540
R8 =0x000000000000009a, R9 =0x0000000000000134, R10=0x0000000000000000, R11=0x000000000000ffff
R12=0x0000000000000134, R13=0x0000000000000012, R14=0x000000005f1bd3e0, R15=0x000000000000009a
RIP=0x0000000077078e9f, EFLAGS=0x0000000000010246

Top of Stack: (sp=0x000000005f1bd1e0)
0x000000005f1bd1e0:   00000000771403c8 0000000000000000
0x000000005f1bd1f0:   0000000000000140 0000000000140000
0x000000005f1bd200:   0000000001360134 000000005a38d540
0x000000005f1bd210:   000000005f1bd3a0 000000007707ffd8
0x000000005f1bd220:   0000000000000000 000000005f1bd4f0
0x000000005f1bd230:   000000005a38d540 00000000023b64a0
0x000000005f1bd240:   00000000021a013a 000000000048ed01
0x000000005f1bd250:   000000005c934bd0 00000000023b0080
0x000000005f1bd260:   0000000000000000 0000000000000134
0x000000005f1bd270:   00000000023b13a0 0000000000000000
0x000000005f1bd280:   000000005f1bd1f8 0000000000000000
0x000000005f1bd290:   0000000000000000 0000000000000000
0x000000005f1bd2a0:   000000005f1bd428 000000005a38d540
0x000000005f1bd2b0:   0000000000000150 0000000000140000
0x000000005f1bd2c0:   0000000000000140 0000000000000140
0x000000005f1bd2d0:   0000000000000000 0000000001360134 

Instructions: (pc=0x0000000077078e9f)
0x0000000077078e7f:   e2 fc 8b c2 48 01 41 18 8b 41 10 4c 89 44 c1 20
0x0000000077078e8f:   ff 41 10 8b c2 c3 44 8a 74 24 40 e9 c0 55 00 00
0x0000000077078e9f:   41 0f b7 c1 48 83 c1 02 48 d1 e8 48 8d 04 43 48
0x0000000077078eaf:   3b c8 73 39 0f b7 01 66 83 c8 20 66 83 f8 70 0f 


Register to memory mapping:

RAX=0x000000000000005c is an unknown value
RBX=0x000000005a38d540 is an unknown value
RCX=0x000000005a38d634 is an unknown value
RDX=0x0000000000000134 is an unknown value
RSP=0x000000005f1bd1e0 is pointing into the stack for thread: 0x00000000582ff000
RBP=0x000000000000fffe is an unknown value
RSI=0x0000000000000000 is an unknown value
RDI=0x000000005a38d540 is an unknown value
R8 =0x000000000000009a is an unknown value
R9 =0x0000000000000134 is an unknown value
R10=0x0000000000000000 is an unknown value
R11=0x000000000000ffff is an unknown value
R12=0x0000000000000134 is an unknown value
R13=0x0000000000000012 is an unknown value
R14=0x000000005f1bd3e0 is pointing into the stack for thread: 0x00000000582ff000
R15=0x000000000000009a is an unknown value


Stack: [0x000000005f0c0000,0x000000005f1c0000],  sp=0x000000005f1bd1e0,  free space=1012k
Native frames: (J=compiled Java code, j=interpreted, Vv=VM code, C=native code)
C  [ntdll.dll+0x48e9f]
C  [ntdll.dll+0x4ffd8]
C  [ntdll.dll+0x50b4a]
C  [KERNELBASE.dll+0x7056]
C  [java.dll+0x9a74]
C  [java.dll+0x9b9f]
C  0x0000000002a71a49

Java frames: (J=compiled Java code, j=interpreted, Vv=VM code)
J 508  java.io.WinNTFileSystem.getBooleanAttributes(Ljava/io/File;)I (0 bytes) @ 0x0000000002a719cf [0x0000000002a71980+0x4f]
J 25631 C2 org.gradle.api.internal.changedetection.state.DefaultFileCollectionSnapshotter$1.run()V (134 bytes) @ 0x0000000006224350 [0x0000000006223de0+0x570]
J 27908 C2 org.gradle.cache.internal.DefaultPersistentDirectoryStore.useCache(Ljava/lang/String;Ljava/lang/Runnable;)V (12 bytes) @ 0x0000000006628c00 [0x0000000006628ae0+0x120]
J 31845 C2 org.gradle.cache.internal.DefaultCacheFactory$ReferenceTrackingCache.useCache(Ljava/lang/String;Ljava/lang/Runnable;)V (15 bytes) @ 0x0000000003f33cd8 [0x0000000003f33c80+0x58]
J 32039 C1 org.gradle.api.internal.changedetection.state.DefaultTaskArtifactStateCacheAccess.useCache(Ljava/lang/String;Ljava/lang/Runnable;)V (12 bytes) @ 0x0000000003d14a7c [0x0000000003d14980+0xfc]
J 14105 C1 org.gradle.api.internal.changedetection.state.DefaultFileCollectionSnapshotter.snapshot(Lorg/gradle/api/file/FileCollection;)Lorg/gradle/api/internal/changedetection/state/FileCollectionSnapshot; (70 bytes) @ 0x0000000004a00614 [0x00000000049fff60+0x6b4]
J 27925 C1 org.gradle.api.internal.changedetection.rules.TaskUpToDateState.<init>(Lorg/gradle/api/internal/TaskInternal;Lorg/gradle/api/internal/changedetection/state/TaskHistoryRepository$History;Lorg/gradle/api/internal/changedetection/state/FileCollectionSnapshotter;Lorg/gradle/api/internal/changedetection/state/FileCollectionSnapshotter;)V (281 bytes) @ 0x0000000006632814 [0x0000000006630fa0+0x1874]
J 22727 C1 org.gradle.api.internal.changedetection.changes.DefaultTaskArtifactStateRepository$TaskArtifactStateImpl.getStates()Lorg/gradle/api/internal/changedetection/rules/TaskUpToDateState; (45 bytes) @ 0x000000000554dedc [0x000000000554de00+0xdc]
J 25607 C1 org.gradle.api.internal.changedetection.changes.DefaultTaskArtifactStateRepository$TaskArtifactStateImpl.isUpToDate(Ljava/util/Collection;)Z (38 bytes) @ 0x0000000005ee0204 [0x0000000005ee0180+0x84]
J 20104 C1 org.gradle.api.internal.tasks.execution.SkipUpToDateTaskExecuter.execute(Lorg/gradle/api/internal/TaskInternal;Lorg/gradle/api/internal/tasks/TaskStateInternal;Lorg/gradle/api/internal/tasks/TaskExecutionContext;)V (221 bytes) @ 0x000000000587dcd4 [0x000000000587daa0+0x234]
J 20103 C1 org.gradle.api.internal.tasks.execution.ValidatingTaskExecuter.execute(Lorg/gradle/api/internal/TaskInternal;Lorg/gradle/api/internal/tasks/TaskStateInternal;Lorg/gradle/api/internal/tasks/TaskExecutionContext;)V (221 bytes) @ 0x000000000587be74 [0x000000000587b220+0xc54]
J 17202 C1 org.gradle.api.internal.tasks.execution.SkipEmptySourceFilesTaskExecuter.execute(Lorg/gradle/api/internal/TaskInternal;Lorg/gradle/api/internal/tasks/TaskStateInternal;Lorg/gradle/api/internal/tasks/TaskExecutionContext;)V (62 bytes) @ 0x0000000004e065f4 [0x0000000004e060e0+0x514]
J 37089 C1 org.gradle.api.internal.tasks.execution.SkipTaskWithNoActionsExecuter.execute(Lorg/gradle/api/internal/TaskInternal;Lorg/gradle/api/internal/tasks/TaskStateInternal;Lorg/gradle/api/internal/tasks/TaskExecutionContext;)V (116 bytes) @ 0x00000000050fe9ec [0x00000000050fde20+0xbcc]
J 37082 C1 org.gradle.api.internal.tasks.execution.SkipOnlyIfTaskExecuter.execute(Lorg/gradle/api/internal/TaskInternal;Lorg/gradle/api/internal/tasks/TaskStateInternal;Lorg/gradle/api/internal/tasks/TaskExecutionContext;)V (90 bytes) @ 0x00000000035d0684 [0x00000000035cf8c0+0xdc4]
J 37086 C1 org.gradle.api.internal.tasks.execution.ExecuteAtMostOnceTaskExecuter.execute(Lorg/gradle/api/internal/TaskInternal;Lorg/gradle/api/internal/tasks/TaskStateInternal;Lorg/gradle/api/internal/tasks/TaskExecutionContext;)V (70 bytes) @ 0x00000000035ced3c [0x00000000035ceac0+0x27c]
J 37411 C1 org.gradle.execution.taskgraph.AbstractTaskPlanExecutor$TaskExecutorWorker.executeTask(Lorg/gradle/execution/taskgraph/TaskInfo;)V (131 bytes) @ 0x0000000003b46204 [0x0000000003b45ae0+0x724]
J 20071 C1 org.gradle.execution.taskgraph.AbstractTaskPlanExecutor$TaskExecutorWorker.processTask(Lorg/gradle/execution/taskgraph/TaskInfo;)V (51 bytes) @ 0x000000000586c24c [0x000000000586c1c0+0x8c]
j  org.gradle.execution.taskgraph.AbstractTaskPlanExecutor$TaskExecutorWorker.run()V+56
j  org.gradle.execution.taskgraph.DefaultTaskPlanExecutor.process(Lorg/gradle/execution/taskgraph/TaskExecutionPlan;Lorg/gradle/api/execution/TaskExecutionListener;)V+6
j  org.gradle.execution.taskgraph.DefaultTaskGraphExecuter.execute()V+46
j  org.gradle.execution.SelectedTaskExecutionAction.execute(Lorg/gradle/execution/BuildExecutionContext;)V+41
j  org.gradle.execution.DefaultBuildExecuter.execute(I)V+36
j  org.gradle.execution.DefaultBuildExecuter.access$200(Lorg/gradle/execution/DefaultBuildExecuter;I)V+2
j  org.gradle.execution.DefaultBuildExecuter$2.proceed()V+10
j  org.gradle.execution.DryRunBuildExecutionAction.execute(Lorg/gradle/execution/BuildExecutionContext;)V+68
j  org.gradle.execution.DefaultBuildExecuter.execute(I)V+36
j  org.gradle.execution.DefaultBuildExecuter.execute()V+2
j  org.gradle.initialization.DefaultGradleLauncher.doBuildStages(Lorg/gradle/initialization/DefaultGradleLauncher$Stage;)V+184
j  org.gradle.initialization.DefaultGradleLauncher.doBuild(Lorg/gradle/initialization/DefaultGradleLauncher$Stage;)Lorg/gradle/BuildResult;+27
j  org.gradle.initialization.DefaultGradleLauncher.run()Lorg/gradle/BuildResult;+4
j  org.gradle.launcher.exec.InProcessBuildActionExecuter$DefaultBuildController.run()Lorg/gradle/api/internal/GradleInternal;+5
j  org.gradle.tooling.internal.provider.BuildModelAction.run(Lorg/gradle/initialization/BuildController;)Lorg/gradle/tooling/internal/provider/BuildActionResult;+15
j  org.gradle.tooling.internal.provider.BuildModelAction.run(Lorg/gradle/initialization/BuildController;)Ljava/lang/Object;+2
j  org.gradle.tooling.internal.provider.ConfiguringBuildAction.run(Lorg/gradle/initialization/BuildController;)Ljava/lang/Object;+15
j  org.gradle.launcher.exec.InProcessBuildActionExecuter.execute(Lorg/gradle/initialization/BuildAction;Lorg/gradle/initialization/BuildCancellationToken;Lorg/gradle/launcher/exec/BuildActionParameters;)Ljava/lang/Object;+19
j  org.gradle.launcher.exec.InProcessBuildActionExecuter.execute(Lorg/gradle/initialization/BuildAction;Lorg/gradle/initialization/BuildCancellationToken;Ljava/lang/Object;)Ljava/lang/Object;+7
j  org.gradle.launcher.daemon.server.exec.ExecuteBuild.doBuild(Lorg/gradle/launcher/daemon/server/exec/DaemonCommandExecution;Lorg/gradle/launcher/daemon/protocol/Build;)V+47
j  org.gradle.launcher.daemon.server.exec.BuildCommandOnly.execute(Lorg/gradle/launcher/daemon/server/exec/DaemonCommandExecution;)V+49
j  org.gradle.launcher.daemon.server.exec.DaemonCommandExecution.proceed()Z+28
j  org.gradle.launcher.daemon.server.exec.WatchForDisconnection.execute(Lorg/gradle/launcher/daemon/server/exec/DaemonCommandExecution;)V+19
j  org.gradle.launcher.daemon.server.exec.DaemonCommandExecution.proceed()Z+28
j  org.gradle.launcher.daemon.server.exec.ResetDeprecationLogger.execute(Lorg/gradle/launcher/daemon/server/exec/DaemonCommandExecution;)V+4
j  org.gradle.launcher.daemon.server.exec.DaemonCommandExecution.proceed()Z+28
j  org.gradle.launcher.daemon.server.exec.StartStopIfBuildAndStop.execute(Lorg/gradle/launcher/daemon/server/exec/DaemonCommandExecution;)V+34
j  org.gradle.launcher.daemon.server.exec.DaemonCommandExecution.proceed()Z+28
j  org.gradle.launcher.daemon.server.exec.ForwardClientInput$2.call()Ljava/lang/Void;+4
j  org.gradle.launcher.daemon.server.exec.ForwardClientInput$2.call()Ljava/lang/Object;+1
j  org.gradle.util.Swapper.swap(Ljava/lang/Object;Ljava/util/concurrent/Callable;)Ljava/lang/Object;+21
j  org.gradle.launcher.daemon.server.exec.ForwardClientInput.execute(Lorg/gradle/launcher/daemon/server/exec/DaemonCommandExecution;)V+63
j  org.gradle.launcher.daemon.server.exec.DaemonCommandExecution.proceed()Z+28
j  org.gradle.launcher.daemon.server.exec.LogToClient.doBuild(Lorg/gradle/launcher/daemon/server/exec/DaemonCommandExecution;Lorg/gradle/launcher/daemon/protocol/Build;)V+92
j  org.gradle.launcher.daemon.server.exec.BuildCommandOnly.execute(Lorg/gradle/launcher/daemon/server/exec/DaemonCommandExecution;)V+49
j  org.gradle.launcher.daemon.server.exec.DaemonCommandExecution.proceed()Z+28
j  org.gradle.launcher.daemon.server.exec.EstablishBuildEnvironment.doBuild(Lorg/gradle/launcher/daemon/server/exec/DaemonCommandExecution;Lorg/gradle/launcher/daemon/protocol/Build;)V+237
j  org.gradle.launcher.daemon.server.exec.BuildCommandOnly.execute(Lorg/gradle/launcher/daemon/server/exec/DaemonCommandExecution;)V+49
j  org.gradle.launcher.daemon.server.exec.DaemonCommandExecution.proceed()Z+28
j  org.gradle.launcher.daemon.server.exec.DaemonHygieneAction.execute(Lorg/gradle/launcher/daemon/server/exec/DaemonCommandExecution;)V+1
j  org.gradle.launcher.daemon.server.exec.DaemonCommandExecution.proceed()Z+28
j  org.gradle.launcher.daemon.server.exec.StartBuildOrRespondWithBusy$1.run()V+44
j  org.gradle.launcher.daemon.server.DaemonStateCoordinator$1.run()V+4
j  org.gradle.internal.concurrent.DefaultExecutorFactory$StoppableExecutorImpl$1.run()V+18
j  java.util.concurrent.ThreadPoolExecutor.runWorker(Ljava/util/concurrent/ThreadPoolExecutor$Worker;)V+95
j  java.util.concurrent.ThreadPoolExecutor$Worker.run()V+5
j  java.lang.Thread.run()V+11
v  ~StubRoutines::call_stub

---------------  P R O C E S S  ---------------

Java Threads: ( => current thread )
  0x00000000582fc800 JavaThread "Stdin handler" [_thread_blocked, id=2572, stack(0x0000000058ed0000,0x0000000058fd0000)]
  0x00000000582fd800 JavaThread "Cancel handler" [_thread_blocked, id=8724, stack(0x000000005e790000,0x000000005e890000)]
  0x00000000582fe800 JavaThread "Handler for socket connection from /127.0.0.1:63547 to /127.0.0.1:52000" [_thread_in_native, id=7180, stack(0x000000005abb0000,0x000000005acb0000)]
=>0x00000000582ff000 JavaThread "Daemon worker Thread 16" [_thread_in_native, id=3288, stack(0x000000005f0c0000,0x000000005f1c0000)]
  0x00000000582f9800 JavaThread "Daemon Thread 16" [_thread_blocked, id=7392, stack(0x00000000590a0000,0x00000000591a0000)]
  0x000000005866c800 JavaThread "File lock request listener" [_thread_in_native, id=9100, stack(0x000000005c250000,0x000000005c350000)]
  0x0000000057833000 JavaThread "Incoming local TCP Connector on port 63547" [_thread_in_native, id=8704, stack(0x0000000057be0000,0x0000000057ce0000)]
  0x0000000056524800 JavaThread "Service Thread" daemon [_thread_blocked, id=9208, stack(0x0000000056ea0000,0x0000000056fa0000)]
  0x000000005649f800 JavaThread "C1 CompilerThread2" daemon [_thread_blocked, id=5276, stack(0x0000000056fb0000,0x00000000570b0000)]
  0x000000005649c000 JavaThread "C2 CompilerThread1" daemon [_thread_blocked, id=2744, stack(0x00000000568b0000,0x00000000569b0000)]
  0x00000000551bb000 JavaThread "C2 CompilerThread0" daemon [_thread_blocked, id=4052, stack(0x0000000056d30000,0x0000000056e30000)]
  0x000000005648b000 JavaThread "Attach Listener" daemon [_thread_blocked, id=3816, stack(0x0000000056be0000,0x0000000056ce0000)]
  0x0000000056499000 JavaThread "Signal Dispatcher" daemon [_thread_blocked, id=7068, stack(0x00000000569c0000,0x0000000056ac0000)]
  0x0000000055155000 JavaThread "Finalizer" daemon [_thread_blocked, id=9132, stack(0x0000000056260000,0x0000000056360000)]
  0x000000005514a000 JavaThread "Reference Handler" daemon [_thread_blocked, id=344, stack(0x0000000056380000,0x0000000056480000)]
  0x000000000014f000 JavaThread "main" [_thread_blocked, id=3968, stack(0x0000000002730000,0x0000000002830000)]

Other Threads:
  0x0000000055146800 VMThread [stack: 0x00000000560e0000,0x00000000561e0000] [id=4472]
  0x000000005652e000 WatcherThread [stack: 0x0000000056ae0000,0x0000000056be0000] [id=8852]

VM state:not at safepoint (normal execution)

VM Mutex/Monitor currently owned by a thread: None

Heap:
 PSYoungGen      total 244224K, used 129361K [0x00000000eab00000, 0x00000000ff180000, 0x0000000100000000)
  eden space 159744K, 71% used [0x00000000eab00000,0x00000000f1a17110,0x00000000f4700000)
  from space 84480K, 18% used [0x00000000f4700000,0x00000000f563d498,0x00000000f9980000)
  to   space 79872K, 0% used [0x00000000fa380000,0x00000000fa380000,0x00000000ff180000)
 ParOldGen       total 392192K, used 180808K [0x00000000c0000000, 0x00000000d7f00000, 0x00000000eab00000)
  object space 392192K, 46% used [0x00000000c0000000,0x00000000cb092020,0x00000000d7f00000)
 Metaspace       used 161667K, capacity 172124K, committed 174464K, reserved 1196032K
  class space    used 22965K, capacity 26420K, committed 27008K, reserved 1048576K

Card table byte_map: [0x0000000011bf0000,0x0000000011e00000] byte_map_base: 0x00000000115f0000

Marking Bits: (ParMarkBitMap*) 0x00000000631612b0
 Begin Bits: [0x00000000125c0000, 0x00000000135c0000)
 End Bits:   [0x00000000135c0000, 0x00000000145c0000)

Polling page: 0x0000000000130000

CodeCache: size=245760Kb used=72164Kb max_used=72944Kb free=173595Kb
 bounds [0x0000000002830000, 0x0000000006fe0000, 0x0000000011830000]
 total_blobs=20808 nmethods=20103 adapters=616
 compilation: enabled

Compilation events (10 events):
Event: 8586.210 Thread 0x000000005649f800 41099   !   3       sun.reflect.GeneratedConstructorAccessor486::newInstance (259 bytes)
Event: 8586.211 Thread 0x000000005649f800 nmethod 41099 0x0000000005bded10 code [0x0000000005bdf000, 0x0000000005be1268]
Event: 8586.217 Thread 0x000000005649f800 41100   !   3       sun.reflect.GeneratedConstructorAccessor487::newInstance (473 bytes)
Event: 8586.219 Thread 0x000000005649f800 nmethod 41100 0x0000000005bd97d0 code [0x0000000005bd9c00, 0x0000000005bddc88]
Event: 8586.219 Thread 0x000000005649f800 41101       3       com.android.build.gradle.tasks.RenderscriptCompile_Decorated::getConventionMapping (30 bytes)
Event: 8586.220 Thread 0x000000005649f800 nmethod 41101 0x0000000005bd8e50 code [0x0000000005bd8fe0, 0x0000000005bd94d0]
Event: 8586.225 Thread 0x000000005649f800 41102       1       com.android.builder.dependency.LibraryBundle::getFolder (5 bytes)
Event: 8586.225 Thread 0x000000005649f800 nmethod 41102 0x00000000035e3550 code [0x00000000035e36a0, 0x00000000035e37b0]
Event: 8586.227 Thread 0x000000005649f800 41103       1       com.android.ide.common.res2.DataSet::getSourceFiles (5 bytes)
Event: 8586.227 Thread 0x000000005649f800 nmethod 41103 0x0000000005a14cd0 code [0x0000000005a14e20, 0x0000000005a14f30]

GC Heap History (10 events):
Event: 8518.703 GC heap before
{Heap before GC invocations=274 (full 38):
 PSYoungGen      total 243712K, used 155456K [0x00000000eab00000, 0x00000000ff800000, 0x0000000100000000)
  eden space 144384K, 100% used [0x00000000eab00000,0x00000000f3800000,0x00000000f3800000)
  from space 99328K, 11% used [0x00000000f3800000,0x00000000f42d0000,0x00000000f9900000)
  to   space 95744K, 0% used [0x00000000f9a80000,0x00000000f9a80000,0x00000000ff800000)
 ParOldGen       total 392192K, used 259148K [0x00000000c0000000, 0x00000000d7f00000, 0x00000000eab00000)
  object space 392192K, 66% used [0x00000000c0000000,0x00000000cfd13108,0x00000000d7f00000)
 Metaspace       used 151587K, capacity 160736K, committed 164992K, reserved 1187840K
  class space    used 21362K, capacity 24354K, committed 25728K, reserved 1048576K
Event: 8518.743 GC heap after
Heap after GC invocations=274 (full 38):
 PSYoungGen      total 247296K, used 4800K [0x00000000eab00000, 0x00000000ff780000, 0x0000000100000000)
  eden space 152064K, 0% used [0x00000000eab00000,0x00000000eab00000,0x00000000f3f80000)
  from space 95232K, 5% used [0x00000000f9a80000,0x00000000f9f30000,0x00000000ff780000)
  to   space 93184K, 0% used [0x00000000f3f80000,0x00000000f3f80000,0x00000000f9a80000)
 ParOldGen       total 392192K, used 270260K [0x00000000c0000000, 0x00000000d7f00000, 0x00000000eab00000)
  object space 392192K, 68% used [0x00000000c0000000,0x00000000d07ed108,0x00000000d7f00000)
 Metaspace       used 151587K, capacity 160736K, committed 164992K, reserved 1187840K
  class space    used 21362K, capacity 24354K, committed 25728K, reserved 1048576K
}
Event: 8578.055 GC heap before
{Heap before GC invocations=275 (full 38):
 PSYoungGen      total 247296K, used 101162K [0x00000000eab00000, 0x00000000ff780000, 0x0000000100000000)
  eden space 152064K, 63% used [0x00000000eab00000,0x00000000f091abc0,0x00000000f3f80000)
  from space 95232K, 5% used [0x00000000f9a80000,0x00000000f9f30000,0x00000000ff780000)
  to   space 93184K, 0% used [0x00000000f3f80000,0x00000000f3f80000,0x00000000f9a80000)
 ParOldGen       total 392192K, used 270260K [0x00000000c0000000, 0x00000000d7f00000, 0x00000000eab00000)
  object space 392192K, 68% used [0x00000000c0000000,0x00000000d07ed108,0x00000000d7f00000)
 Metaspace       used 153210K, capacity 162376K, committed 165760K, reserved 1189888K
  class space    used 21645K, capacity 24690K, committed 25728K, reserved 1048576K
Event: 8578.079 GC heap after
Heap after GC invocations=275 (full 38):
 PSYoungGen      total 156672K, used 4323K [0x00000000eab00000, 0x00000000ff180000, 0x0000000100000000)
  eden space 152064K, 0% used [0x00000000eab00000,0x00000000eab00000,0x00000000f3f80000)
  from space 4608K, 93% used [0x00000000f3f80000,0x00000000f43b8fd8,0x00000000f4400000)
  to   space 90112K, 0% used [0x00000000f9980000,0x00000000f9980000,0x00000000ff180000)
 ParOldGen       total 392192K, used 273732K [0x00000000c0000000, 0x00000000d7f00000, 0x00000000eab00000)
  object space 392192K, 69% used [0x00000000c0000000,0x00000000d0b51108,0x00000000d7f00000)
 Metaspace       used 153210K, capacity 162376K, committed 165760K, reserved 1189888K
  class space    used 21645K, capacity 24690K, committed 25728K, reserved 1048576K
}
Event: 8578.079 GC heap before
{Heap before GC invocations=276 (full 39):
 PSYoungGen      total 156672K, used 4323K [0x00000000eab00000, 0x00000000ff180000, 0x0000000100000000)
  eden space 152064K, 0% used [0x00000000eab00000,0x00000000eab00000,0x00000000f3f80000)
  from space 4608K, 93% used [0x00000000f3f80000,0x00000000f43b8fd8,0x00000000f4400000)
  to   space 90112K, 0% used [0x00000000f9980000,0x00000000f9980000,0x00000000ff180000)
 ParOldGen       total 392192K, used 273732K [0x00000000c0000000, 0x00000000d7f00000, 0x00000000eab00000)
  object space 392192K, 69% used [0x00000000c0000000,0x00000000d0b51108,0x00000000d7f00000)
 Metaspace       used 153210K, capacity 162376K, committed 165760K, reserved 1189888K
  class space    used 21645K, capacity 24690K, committed 25728K, reserved 1048576K
Event: 8578.617 GC heap after
Heap after GC invocations=276 (full 39):
 PSYoungGen      total 156672K, used 0K [0x00000000eab00000, 0x00000000ff180000, 0x0000000100000000)
  eden space 152064K, 0% used [0x00000000eab00000,0x00000000eab00000,0x00000000f3f80000)
  from space 4608K, 0% used [0x00000000f3f80000,0x00000000f3f80000,0x00000000f4400000)
  to   space 90112K, 0% used [0x00000000f9980000,0x00000000f9980000,0x00000000ff180000)
 ParOldGen       total 392192K, used 168699K [0x00000000c0000000, 0x00000000d7f00000, 0x00000000eab00000)
  object space 392192K, 43% used [0x00000000c0000000,0x00000000ca4bee10,0x00000000d7f00000)
 Metaspace       used 153210K, capacity 162376K, committed 165760K, reserved 1189888K
  class space    used 21645K, capacity 24690K, committed 25728K, reserved 1048576K
}
Event: 8584.331 GC heap before
{Heap before GC invocations=277 (full 39):
 PSYoungGen      total 156672K, used 152064K [0x00000000eab00000, 0x00000000ff180000, 0x0000000100000000)
  eden space 152064K, 100% used [0x00000000eab00000,0x00000000f3f80000,0x00000000f3f80000)
  from space 4608K, 0% used [0x00000000f3f80000,0x00000000f3f80000,0x00000000f4400000)
  to   space 90112K, 0% used [0x00000000f9980000,0x00000000f9980000,0x00000000ff180000)
 ParOldGen       total 392192K, used 168699K [0x00000000c0000000, 0x00000000d7f00000, 0x00000000eab00000)
  object space 392192K, 43% used [0x00000000c0000000,0x00000000ca4bee10,0x00000000d7f00000)
 Metaspace       used 157647K, capacity 167258K, committed 170496K, reserved 1193984K
  class space    used 22274K, capacity 25483K, committed 26368K, reserved 1048576K
Event: 8584.343 GC heap after
Heap after GC invocations=277 (full 39):
 PSYoungGen      total 249856K, used 17056K [0x00000000eab00000, 0x00000000ff980000, 0x0000000100000000)
  eden space 159744K, 0% used [0x00000000eab00000,0x00000000eab00000,0x00000000f4700000)
  from space 90112K, 18% used [0x00000000f9980000,0x00000000faa28148,0x00000000ff180000)
  to   space 84480K, 0% used [0x00000000f4700000,0x00000000f4700000,0x00000000f9980000)
 ParOldGen       total 392192K, used 168707K [0x00000000c0000000, 0x00000000d7f00000, 0x00000000eab00000)
  object space 392192K, 43% used [0x00000000c0000000,0x00000000ca4c0e10,0x00000000d7f00000)
 Metaspace       used 157647K, capacity 167258K, committed 170496K, reserved 1193984K
  class space    used 22274K, capacity 25483K, committed 26368K, reserved 1048576K
}
Event: 8585.235 GC heap before
{Heap before GC invocations=278 (full 39):
 PSYoungGen      total 249856K, used 176800K [0x00000000eab00000, 0x00000000ff980000, 0x0000000100000000)
  eden space 159744K, 100% used [0x00000000eab00000,0x00000000f4700000,0x00000000f4700000)
  from space 90112K, 18% used [0x00000000f9980000,0x00000000faa28148,0x00000000ff180000)
  to   space 84480K, 0% used [0x00000000f4700000,0x00000000f4700000,0x00000000f9980000)
 ParOldGen       total 392192K, used 168707K [0x00000000c0000000, 0x00000000d7f00000, 0x00000000eab00000)
  object space 392192K, 43% used [0x00000000c0000000,0x00000000ca4c0e10,0x00000000d7f00000)
 Metaspace       used 160543K, capacity 170588K, committed 173312K, reserved 1196032K
  class space    used 22760K, capacity 26159K, committed 26880K, reserved 1048576K
Event: 8585.264 GC heap after
Heap after GC invocations=278 (full 39):
 PSYoungGen      total 244224K, used 15605K [0x00000000eab00000, 0x00000000ff180000, 0x0000000100000000)
  eden space 159744K, 0% used [0x00000000eab00000,0x00000000eab00000,0x00000000f4700000)
  from space 84480K, 18% used [0x00000000f4700000,0x00000000f563d498,0x00000000f9980000)
  to   space 79872K, 0% used [0x00000000fa380000,0x00000000fa380000,0x00000000ff180000)
 ParOldGen       total 392192K, used 180808K [0x00000000c0000000, 0x00000000d7f00000, 0x00000000eab00000)
  object space 392192K, 46% used [0x00000000c0000000,0x00000000cb092020,0x00000000d7f00000)
 Metaspace       used 160543K, capacity 170588K, committed 173312K, reserved 1196032K
  class space    used 22760K, capacity 26159K, committed 26880K, reserved 1048576K
}

Deoptimization events (10 events):
Event: 8584.748 Thread 0x00000000582ff000 Uncommon trap: reason=bimorphic action=maybe_recompile pc=0x0000000004bfc410 method=org.gradle.api.internal.project.AbstractProject$3.execute(Lorg/gradle/api/Task;)V @ 1
Event: 8584.767 Thread 0x00000000582ff000 Uncommon trap: reason=bimorphic action=maybe_recompile pc=0x0000000004bfc410 method=org.gradle.api.internal.project.AbstractProject$3.execute(Lorg/gradle/api/Task;)V @ 1
Event: 8584.823 Thread 0x00000000582ff000 Uncommon trap: reason=class_check action=maybe_recompile pc=0x0000000004f82dd4 method=org.gradle.api.internal.project.AbstractProject.getServiceRegistryFactory()Lorg/gradle/internal/service/scopes/ServiceRegistryFactory; @ 7
Event: 8584.824 Thread 0x00000000582ff000 Uncommon trap: reason=class_check action=maybe_recompile pc=0x0000000004f82dd4 method=org.gradle.api.internal.project.AbstractProject.getServiceRegistryFactory()Lorg/gradle/internal/service/scopes/ServiceRegistryFactory; @ 7
Event: 8584.824 Thread 0x00000000582ff000 Uncommon trap: reason=class_check action=maybe_recompile pc=0x0000000004f82dd4 method=org.gradle.api.internal.project.AbstractProject.getServiceRegistryFactory()Lorg/gradle/internal/service/scopes/ServiceRegistryFactory; @ 7
Event: 8584.824 Thread 0x00000000582ff000 Uncommon trap: reason=class_check action=maybe_recompile pc=0x0000000004f82dd4 method=org.gradle.api.internal.project.AbstractProject.getServiceRegistryFactory()Lorg/gradle/internal/service/scopes/ServiceRegistryFactory; @ 7
Event: 8586.096 Thread 0x00000000582ff000 Uncommon trap: reason=class_check action=maybe_recompile pc=0x00000000035f02e8 method=org.gradle.api.Task$getName$1.call(Ljava/lang/Object;[Ljava/lang/Object;)Ljava/lang/Object; @ 13
Event: 8586.096 Thread 0x00000000582ff000 Uncommon trap: reason=class_check action=maybe_recompile pc=0x00000000035f02e8 method=org.gradle.api.Task$getName$1.call(Ljava/lang/Object;[Ljava/lang/Object;)Ljava/lang/Object; @ 13
Event: 8586.096 Thread 0x00000000582ff000 Uncommon trap: reason=class_check action=maybe_recompile pc=0x00000000035f02e8 method=org.gradle.api.Task$getName$1.call(Ljava/lang/Object;[Ljava/lang/Object;)Ljava/lang/Object; @ 13
Event: 8586.096 Thread 0x00000000582ff000 Uncommon trap: reason=class_check action=maybe_recompile pc=0x00000000035f02e8 method=org.gradle.api.Task$getName$1.call(Ljava/lang/Object;[Ljava/lang/Object;)Ljava/lang/Object; @ 13

Internal exceptions (10 events):
Event: 8585.869 Thread 0x00000000582ff000 Exception <a 'java/security/PrivilegedActionException'> (0x00000000efdbe2d8) thrown at [C:\re\workspace\8-2-build-windows-amd64-cygwin\jdk8u11\648\hotspot\src\share\vm\prims\jvm.cpp, line 1248]
Event: 8585.870 Thread 0x00000000582ff000 Exception <a 'java/security/PrivilegedActionException'> (0x00000000efdbf4d0) thrown at [C:\re\workspace\8-2-build-windows-amd64-cygwin\jdk8u11\648\hotspot\src\share\vm\prims\jvm.cpp, line 1248]
Event: 8585.870 Thread 0x00000000582ff000 Exception <a 'java/security/PrivilegedActionException'> (0x00000000efdc06c8) thrown at [C:\re\workspace\8-2-build-windows-amd64-cygwin\jdk8u11\648\hotspot\src\share\vm\prims\jvm.cpp, line 1248]
Event: 8585.870 Thread 0x00000000582ff000 Exception <a 'java/security/PrivilegedActionException'> (0x00000000efdc7020) thrown at [C:\re\workspace\8-2-build-windows-amd64-cygwin\jdk8u11\648\hotspot\src\share\vm\prims\jvm.cpp, line 1248]
Event: 8585.870 Thread 0x00000000582ff000 Exception <a 'java/lang/ClassNotFoundException': com/android/build/gradle/internal/tasks/MergeFileTaskCustomizer> (0x00000000efdc75a0) thrown at [C:\re\workspace\8-2-build-windows-amd64-cygwin\jdk8u11\648\hotspot\src\share\vm\classfile\systemDictionary.cpp°ƒzïÄÀ@
Event: 8585.871 Thread 0x00000000582ff000 Exception <a 'java/security/PrivilegedActionException'> (0x00000000efde3c58) thrown at [C:\re\workspace\8-2-build-windows-amd64-cygwin\jdk8u11\648\hotspot\src\share\vm\prims\jvm.cpp, line 1248]
Event: 8585.871 Thread 0x00000000582ff000 Exception <a 'java/security/PrivilegedActionException'> (0x00000000efde4f28) thrown at [C:\re\workspace\8-2-build-windows-amd64-cygwin\jdk8u11\648\hotspot\src\share\vm\prims\jvm.cpp, line 1248]
Event: 8585.871 Thread 0x00000000582ff000 Exception <a 'java/security/PrivilegedActionException'> (0x00000000efde5e98) thrown at [C:\re\workspace\8-2-build-windows-amd64-cygwin\jdk8u11\648\hotspot\src\share\vm\prims\jvm.cpp, line 1248]
Event: 8585.871 Thread 0x00000000582ff000 Exception <a 'java/security/PrivilegedActionException'> (0x00000000efdecfb0) thrown at [C:\re\workspace\8-2-build-windows-amd64-cygwin\jdk8u11\648\hotspot\src\share\vm\prims\jvm.cpp, line 1248]
Event: 8585.871 Thread 0x00000000582ff000 Exception <a 'java/lang/ClassNotFoundException': com/android/build/gradle/internal/tasks/MergeFileTask_DecoratedCustomizer> (0x00000000efded548) thrown at [C:\re\workspace\8-2-build-windows-amd64-cygwin\jdk8u11\648\hotspot\src\share\vm\classfile\systemDictcKïÄÀ@

Events (10 events):
Event: 8586.096 Thread 0x00000000582ff000 DEOPT UNPACKING pc=0x00000000028755af sp=0x000000005f1bdaa0 mode 2
Event: 8586.096 Thread 0x00000000582ff000 Uncommon trap: trap_request=0xffffffde fr.pc=0x00000000035f02e8
Event: 8586.096 Thread 0x00000000582ff000 DEOPT PACKING pc=0x00000000035f02e8 sp=0x000000005f1bdb00
Event: 8586.096 Thread 0x00000000582ff000 DEOPT UNPACKING pc=0x00000000028755af sp=0x000000005f1bdab0 mode 2
Event: 8586.096 Thread 0x00000000582ff000 Uncommon trap: trap_request=0xffffffde fr.pc=0x00000000035f02e8
Event: 8586.096 Thread 0x00000000582ff000 DEOPT PACKING pc=0x00000000035f02e8 sp=0x000000005f1bdb50
Event: 8586.096 Thread 0x00000000582ff000 DEOPT UNPACKING pc=0x00000000028755af sp=0x000000005f1bdb00 mode 2
Event: 8586.096 Thread 0x00000000582ff000 Uncommon trap: trap_request=0xffffffde fr.pc=0x00000000035f02e8
Event: 8586.096 Thread 0x00000000582ff000 DEOPT PACKING pc=0x00000000035f02e8 sp=0x000000005f1bdaf0
Event: 8586.096 Thread 0x00000000582ff000 DEOPT UNPACKING pc=0x00000000028755af sp=0x000000005f1bdaa0 mode 2


Dynamic libraries:
0x000000013fe60000 - 0x000000013fe94000 	C:\Program Files\Java\jdk1.8.0_11\bin\java.exe
0x0000000077030000 - 0x00000000771da000 	C:\Windows\SYSTEM32\ntdll.dll
0x0000000076f10000 - 0x000000007702f000 	C:\Windows\system32\kernel32.dll
0x000007fefce70000 - 0x000007fefceda000 	C:\Windows\system32\KERNELBASE.dll
0x000007fefd7c0000 - 0x000007fefd89b000 	C:\Windows\system32\ADVAPI32.dll
0x000007fefd700000 - 0x000007fefd79f000 	C:\Windows\system32\msvcrt.dll
0x000007fefd7a0000 - 0x000007fefd7bf000 	C:\Windows\SYSTEM32\sechost.dll
0x000007fefd450000 - 0x000007fefd57d000 	C:\Windows\system32\RPCRT4.dll
0x0000000076e10000 - 0x0000000076f0a000 	C:\Windows\system32\USER32.dll
0x000007feff070000 - 0x000007feff0d7000 	C:\Windows\system32\GDI32.dll
0x000007feff1f0000 - 0x000007feff1fe000 	C:\Windows\system32\LPK.dll
0x000007fefd580000 - 0x000007fefd64a000 	C:\Windows\system32\USP10.dll
0x000007fefb7a0000 - 0x000007fefb994000 	C:\Windows\WinSxS\amd64_microsoft.windows.common-controls_6595b64144ccf1df_6.0.7601.18837_none_fa3b1e3d17594757\COMCTL32.dll
0x000007fefd670000 - 0x000007fefd6e1000 	C:\Windows\system32\SHLWAPI.dll
0x000007fefd8a0000 - 0x000007fefd8ce000 	C:\Windows\system32\IMM32.DLL
0x000007feff0e0000 - 0x000007feff1e9000 	C:\Windows\system32\MSCTF.dll
0x000000006f3d0000 - 0x000000006f4a2000 	C:\Program Files\Java\jdk1.8.0_11\jre\bin\msvcr100.dll
0x00000000629b0000 - 0x00000000631da000 	C:\Program Files\Java\jdk1.8.0_11\jre\bin\server\jvm.dll
0x000007fefa6e0000 - 0x000007fefa6e9000 	C:\Windows\system32\WSOCK32.dll
0x000007fefd400000 - 0x000007fefd44d000 	C:\Windows\system32\WS2_32.dll
0x000007fefd6f0000 - 0x000007fefd6f8000 	C:\Windows\system32\NSI.dll
0x000007fef7850000 - 0x000007fef788b000 	C:\Windows\system32\WINMM.dll
0x00000000771f0000 - 0x00000000771f7000 	C:\Windows\system32\PSAPI.DLL
0x000000006de70000 - 0x000000006de7f000 	C:\Program Files\Java\jdk1.8.0_11\jre\bin\verify.dll
0x00000000676c0000 - 0x00000000676e8000 	C:\Program Files\Java\jdk1.8.0_11\jre\bin\java.dll
0x0000000065540000 - 0x0000000065556000 	C:\Program Files\Java\jdk1.8.0_11\jre\bin\zip.dll
0x000007fefe200000 - 0x000007fefef89000 	C:\Windows\system32\SHELL32.dll
0x000007fefdb10000 - 0x000007fefdd13000 	C:\Windows\system32\ole32.dll
0x000007fefcd70000 - 0x000007fefcd7f000 	C:\Windows\system32\profapi.dll
0x000007fefc5b0000 - 0x000007fefc5c8000 	C:\Windows\system32\CRYPTSP.dll
0x000007fefc2b0000 - 0x000007fefc2f7000 	C:\Windows\system32\rsaenh.dll
0x000007fefcf00000 - 0x000007fefcf1e000 	C:\Windows\system32\USERENV.dll
0x000007fefcc10000 - 0x000007fefcc1f000 	C:\Windows\system32\CRYPTBASE.dll
0x0000000065520000 - 0x000000006553a000 	C:\Program Files\Java\jdk1.8.0_11\jre\bin\net.dll
0x000007fefc550000 - 0x000007fefc5a5000 	C:\Windows\system32\mswsock.dll
0x000007fefc540000 - 0x000007fefc547000 	C:\Windows\System32\wship6.dll
0x000007fefaa00000 - 0x000007fefaa27000 	C:\Windows\system32\IPHLPAPI.DLL
0x000007fefa9e0000 - 0x000007fefa9eb000 	C:\Windows\system32\WINNSI.DLL
0x000007fefa6f0000 - 0x000007fefa708000 	C:\Windows\system32\dhcpcsvc.DLL
0x000007fefa6c0000 - 0x000007fefa6d1000 	C:\Windows\system32\dhcpcsvc6.DLL
0x0000000065500000 - 0x0000000065511000 	C:\Program Files\Java\jdk1.8.0_11\jre\bin\nio.dll
0x000007fef3fa0000 - 0x000007fef3fb2000 	C:\Users\hufeng\AppData\Local\Temp\native-platform452512663182792591dir\native-platform.dll
0x000007fefcbb0000 - 0x000007fefcc07000 	C:\Windows\system32\apphelp.dll
0x000000006de60000 - 0x000000006de6d000 	C:\Program Files\Java\jdk1.8.0_11\jre\bin\management.dll
0x000007feedb80000 - 0x000007feedca5000 	C:\Windows\system32\dbghelp.dll

VM Arguments:
jvm_args: -XX:MaxPermSize=256m -XX:+HeapDumpOnOutOfMemoryError -Xmx1024m -Dfile.encoding=GBK -Duser.country=CN -Duser.language=zh -Duser.variant 
java_command: org.gradle.launcher.daemon.bootstrap.GradleDaemon 2.2 C:\Users\hufeng\.gradle\daemon 10800000 d7b893ca-d6e8-4c4a-8578-31e18a5e7deb -XX:MaxPermSize=256m -XX:+HeapDumpOnOutOfMemoryError -Xmx1024m -Dfile.encoding=GBK -Duser.country=CN -Duser.language=zh -Duser.variant
java_class_path (initial): C:\Users\hufeng\.gradle\wrapper\dists\gradle-2.2-all\1vevkra640w3rb9hkuw50q5we\gradle-2.2\lib\gradle-launcher-2.2.jar
Launcher Type: SUN_STANDARD

Environment Variables:
JAVA_HOME=C:\Program Files\Java\jdk1.8.0_11
PATH=C:\ProgramData\Oracle\Java\javapath;C:\Program Files\Java\jdk1.8.0_11/bin;C:\Program Files (x86)\Intel\iCLS Client\;C:\Program Files\Intel\iCLS Client\;C:\Windows\system32;C:\Windows;C:\Windows\System32\Wbem;C:\Windows\System32\WindowsPowerShell\v1.0\;C:\Program Files\Intel\Intel(R) Management Engine Components\DAL;C:\Program Files (x86)\Intel\Intel(R) Management Engine Components\DAL;C:\Program Files\Intel\Intel(R) Management Engine Components\IPT;C:\Program Files (x86)\Intel\Intel(R) Management Engine Components\IPT
USERNAME=hufeng
OS=Windows_NT
PROCESSOR_IDENTIFIER=Intel64 Family 6 Model 61 Stepping 4, GenuineIntel



---------------  S Y S T E M  ---------------

OS: Windows 7 , 64 bit Build 7601 Service Pack 1

CPU:total 4 (2 cores per cpu, 2 threads per core) family 6 model 61 stepping 4, cmov, cx8, fxsr, mmx, sse, sse2, sse3, ssse3, sse4.1, sse4.2, popcnt, avx, avx2, aes, clmul, erms, ht, tsc, tscinvbit

Memory: 4k page, physical 16598500k(10546844k free), swap 33195140k(26891696k free)

vm_info: Java HotSpot(TM) 64-Bit Server VM (25.11-b03) for windows-amd64 JRE (1.8.0_11-b12), built on Jun 16 2014 20:57:32 by "java_re" with MS VC++ 10.0 (VS2010)

time: Fri Aug 19 17:00:55 2016
elapsed time: 8586 seconds

